Results of devskim linter (version 1.0.28)
See documentation on https://megalinter.io/7.9.0/descriptors/repository_devskim/
-----------------------------------------------

❌ [ERROR] for workspace /tmp/lint
Linter raw log:
git version 2.43.0
fatal: this operation must be run in a work tree
fatal: this operation must be run in a work tree
fatal: this operation must be run in a work tree
fatal: this operation must be run in a work tree
fatal: this operation must be run in a work tree
fatal: this operation must be run in a work tree
fatal: this operation must be run in a work tree
fatal: this operation must be run in a work tree
fatal: pathspec 'node_modules/next/constants.js' is beyond a symbolic link
fatal: pathspec 'node_modules/next/navigation.d.ts' is beyond a symbolic link
fatal: pathspec 'node_modules/next/constants.d.ts' is beyond a symbolic link
fatal: pathspec 'node_modules/next/og.d.ts' is beyond a symbolic link
fatal: pathspec 'node_modules/next/client.js' is beyond a symbolic link
fatal: pathspec 'node_modules/next/license.md' is beyond a symbolic link
fatal: pathspec 'node_modules/next/amp.d.ts' is beyond a symbolic link
fatal: pathspec 'node_modules/next/error.d.ts' is beyond a symbolic link
fatal: pathspec 'node_modules/next/babel.d.ts' is beyond a symbolic link
fatal: pathspec 'node_modules/next/jest.d.ts' is beyond a symbolic link
fatal: pathspec 'node_modules/next/script.d.ts' is beyond a symbolic link
fatal: pathspec 'node_modules/next/app.d.ts' is beyond a symbolic link
fatal: pathspec 'node_modules/next/server.d.ts' is beyond a symbolic link
fatal: pathspec 'node_modules/next/cache.js' is beyond a symbolic link
fatal: pathspec 'node_modules/next/amp.js' is beyond a symbolic link
fatal: pathspec 'node_modules/next/jest.js' is beyond a symbolic link
fatal: pathspec 'node_modules/next/server.js' is beyond a symbolic link
fatal: pathspec 'node_modules/next/head.d.ts' is beyond a symbolic link
fatal: pathspec 'node_modules/next/config.d.ts' is beyond a symbolic link
fatal: pathspec 'node_modules/next/link.js' is beyond a symbolic link
fatal: pathspec 'node_modules/next/dynamic.d.ts' is beyond a symbolic link
fatal: pathspec 'node_modules/next/config.js' is beyond a symbolic link
fatal: pathspec 'node_modules/next/error.js' is beyond a symbolic link
fatal: pathspec 'node_modules/next/README.md' is beyond a symbolic link
fatal: pathspec 'node_modules/next/script.js' is beyond a symbolic link
fatal: pathspec 'node_modules/next/web-vitals.d.ts' is beyond a symbolic link
fatal: pathspec 'node_modules/next/headers.js' is beyond a symbolic link
fatal: pathspec 'node_modules/next/document.d.ts' is beyond a symbolic link
fatal: pathspec 'node_modules/next/headers.d.ts' is beyond a symbolic link
fatal: pathspec 'node_modules/next/router.js' is beyond a symbolic link
fatal: pathspec 'node_modules/next/navigation.js' is beyond a symbolic link
fatal: pathspec 'node_modules/next/package.json' is beyond a symbolic link
fatal: pathspec 'node_modules/next/cache.d.ts' is beyond a symbolic link
fatal: pathspec 'node_modules/next/image.js' is beyond a symbolic link
fatal: pathspec 'node_modules/next/og.js' is beyond a symbolic link
fatal: pathspec 'node_modules/next/babel.js' is beyond a symbolic link
fatal: pathspec 'node_modules/next/router.d.ts' is beyond a symbolic link
fatal: pathspec 'node_modules/next/dynamic.js' is beyond a symbolic link
fatal: pathspec 'node_modules/next/index.d.ts' is beyond a symbolic link
fatal: pathspec 'node_modules/next/link.d.ts' is beyond a symbolic link
fatal: pathspec 'node_modules/next/client.d.ts' is beyond a symbolic link
fatal: pathspec 'node_modules/next/web-vitals.js' is beyond a symbolic link
fatal: pathspec 'node_modules/next/image.d.ts' is beyond a symbolic link
fatal: pathspec 'node_modules/next/app.js' is beyond a symbolic link
fatal: pathspec 'node_modules/next/head.js' is beyond a symbolic link
fatal: pathspec 'node_modules/next/document.js' is beyond a symbolic link
fatal: pathspec 'node_modules/methods/LICENSE' is beyond a symbolic link
fatal: pathspec 'node_modules/methods/HISTORY.md' is beyond a symbolic link
fatal: pathspec 'node_modules/methods/index.js' is beyond a symbolic link
fatal: pathspec 'node_modules/methods/README.md' is beyond a symbolic link
fatal: pathspec 'node_modules/methods/package.json' is beyond a symbolic link
fatal: pathspec 'node_modules/eslint-scope/LICENSE' is beyond a symbolic link
fatal: pathspec 'node_modules/eslint-scope/README.md' is beyond a symbolic link
fatal: pathspec 'node_modules/eslint-scope/package.json' is beyond a symbolic link
fatal: pathspec 'node_modules/eslint-config-next/core-web-vitals.js' is beyond a symbolic link
fatal: pathspec 'node_modules/eslint-config-next/index.js' is beyond a symbolic link
fatal: pathspec 'node_modules/eslint-config-next/package.json' is beyond a symbolic link
fatal: pathspec 'node_modules/eslint-config-next/parser.js' is beyond a symbolic link
fatal: pathspec 'node_modules/eslint-plugin-import/LICENSE' is beyond a symbolic link
fatal: pathspec 'node_modules/eslint-plugin-import/CHANGELOG.md' is beyond a symbolic link
fatal: pathspec 'node_modules/eslint-plugin-import/README.md' is beyond a symbolic link
fatal: pathspec 'node_modules/eslint-plugin-import/RELEASE.md' is beyond a symbolic link
fatal: pathspec 'node_modules/eslint-plugin-import/package.json' is beyond a symbolic link
fatal: pathspec 'node_modules/eslint-plugin-import/CONTRIBUTING.md' is beyond a symbolic link
fatal: pathspec 'node_modules/eslint-plugin-import/SECURITY.md' is beyond a symbolic link
fatal: pathspec 'node_modules/prettier/LICENSE' is beyond a symbolic link
fatal: pathspec 'node_modules/prettier/standalone.js' is beyond a symbolic link
fatal: pathspec 'node_modules/prettier/standalone.mjs' is beyond a symbolic link
fatal: pathspec 'node_modules/prettier/standalone.d.ts' is beyond a symbolic link
fatal: pathspec 'node_modules/prettier/README.md' is beyond a symbolic link
fatal: pathspec 'node_modules/prettier/package.json' is beyond a symbolic link
fatal: pathspec 'node_modules/prettier/doc.d.ts' is beyond a symbolic link
fatal: pathspec 'node_modules/prettier/doc.mjs' is beyond a symbolic link
fatal: pathspec 'node_modules/prettier/index.cjs' is beyond a symbolic link
fatal: pathspec 'node_modules/prettier/index.mjs' is beyond a symbolic link
fatal: pathspec 'node_modules/prettier/index.d.ts' is beyond a symbolic link
fatal: pathspec 'node_modules/prettier/doc.js' is beyond a symbolic link
fatal: pathspec 'node_modules/eslint-plugin-prettier/LICENSE.md' is beyond a symbolic link
fatal: pathspec 'node_modules/eslint-plugin-prettier/eslint-plugin-prettier.js' is beyond a symbolic link
fatal: pathspec 'node_modules/eslint-plugin-prettier/recommended.d.ts' is beyond a symbolic link
fatal: pathspec 'node_modules/eslint-plugin-prettier/worker.js' is beyond a symbolic link
fatal: pathspec 'node_modules/eslint-plugin-prettier/eslint-plugin-prettier.d.ts' is beyond a symbolic link
fatal: pathspec 'node_modules/eslint-plugin-prettier/README.md' is beyond a symbolic link
fatal: pathspec 'node_modules/eslint-plugin-prettier/package.json' is beyond a symbolic link
fatal: pathspec 'node_modules/eslint-plugin-prettier/recommended.js' is beyond a symbolic link
fatal: pathspec 'node_modules/vitest/globals.d.ts' is beyond a symbolic link
fatal: pathspec 'node_modules/vitest/LICENSE.md' is beyond a symbolic link
fatal: pathspec 'node_modules/vitest/environments.d.ts' is beyond a symbolic link
fatal: pathspec 'node_modules/vitest/config.d.ts' is beyond a symbolic link
fatal: pathspec 'node_modules/vitest/index.d.cts' is beyond a symbolic link
fatal: pathspec 'node_modules/vitest/runners.d.ts' is beyond a symbolic link
fatal: pathspec 'node_modules/vitest/suppress-warnings.cjs' is beyond a symbolic link
fatal: pathspec 'node_modules/vitest/suite.d.ts' is beyond a symbolic link
fatal: pathspec 'node_modules/vitest/README.md' is beyond a symbolic link
fatal: pathspec 'node_modules/vitest/execute.d.ts' is beyond a symbolic link
fatal: pathspec 'node_modules/vitest/package.json' is beyond a symbolic link
fatal: pathspec 'node_modules/vitest/jsdom.d.ts' is beyond a symbolic link
fatal: pathspec 'node_modules/vitest/utils.d.ts' is beyond a symbolic link
fatal: pathspec 'node_modules/vitest/index.cjs' is beyond a symbolic link
fatal: pathspec 'node_modules/vitest/workers.d.ts' is beyond a symbolic link
fatal: pathspec 'node_modules/vitest/coverage.d.ts' is beyond a symbolic link
fatal: pathspec 'node_modules/vitest/vitest.mjs' is beyond a symbolic link
fatal: pathspec 'node_modules/vitest/importMeta.d.ts' is beyond a symbolic link
fatal: pathspec 'node_modules/vitest/node.d.ts' is beyond a symbolic link
fatal: pathspec 'node_modules/vitest/browser.d.ts' is beyond a symbolic link
fatal: pathspec 'node_modules/vitest/import-meta.d.ts' is beyond a symbolic link
fatal: pathspec 'node_modules/vitest/reporters.d.ts' is beyond a symbolic link
fatal: pathspec 'node_modules/tslib/tslib.d.ts' is beyond a symbolic link
fatal: pathspec 'node_modules/tslib/tslib.js' is beyond a symbolic link
fatal: pathspec 'node_modules/tslib/CopyrightNotice.txt' is beyond a symbolic link
fatal: pathspec 'node_modules/tslib/README.md' is beyond a symbolic link
fatal: pathspec 'node_modules/tslib/tslib.es6.js' is beyond a symbolic link
fatal: pathspec 'node_modules/tslib/package.json' is beyond a symbolic link
fatal: pathspec 'node_modules/tslib/tslib.es6.html' is beyond a symbolic link
fatal: pathspec 'node_modules/tslib/LICENSE.txt' is beyond a symbolic link
fatal: pathspec 'node_modules/tslib/tslib.es6.mjs' is beyond a symbolic link
fatal: pathspec 'node_modules/tslib/tslib.html' is beyond a symbolic link
fatal: pathspec 'node_modules/tslib/SECURITY.md' is beyond a symbolic link
fatal: pathspec 'node_modules/microlight/LICENSE' is beyond a symbolic link
fatal: pathspec 'node_modules/microlight/README.md' is beyond a symbolic link
fatal: pathspec 'node_modules/microlight/microlight.js' is beyond a symbolic link
fatal: pathspec 'node_modules/microlight/package.json' is beyond a symbolic link
fatal: pathspec 'node_modules/eslint-import-resolver-node/LICENSE' is beyond a symbolic link
fatal: pathspec 'node_modules/eslint-import-resolver-node/index.js' is beyond a symbolic link
fatal: pathspec 'node_modules/eslint-import-resolver-node/README.md' is beyond a symbolic link
fatal: pathspec 'node_modules/eslint-import-resolver-node/package.json' is beyond a symbolic link
fatal: pathspec 'node_modules/eslint-visitor-keys/LICENSE' is beyond a symbolic link
fatal: pathspec 'node_modules/eslint-visitor-keys/README.md' is beyond a symbolic link
fatal: pathspec 'node_modules/eslint-visitor-keys/package.json' is beyond a symbolic link
fatal: pathspec 'node_modules/eslint-plugin-react-hooks/LICENSE' is beyond a symbolic link
fatal: pathspec 'node_modules/eslint-plugin-react-hooks/index.js' is beyond a symbolic link
fatal: pathspec 'node_modules/eslint-plugin-react-hooks/README.md' is beyond a symbolic link
fatal: pathspec 'node_modules/eslint-plugin-react-hooks/package.json' is beyond a symbolic link
fatal: pathspec 'node_modules/prettier-linter-helpers/LICENSE.md' is beyond a symbolic link
fatal: pathspec 'node_modules/prettier-linter-helpers/index.js' is beyond a symbolic link
fatal: pathspec 'node_modules/prettier-linter-helpers/.prettierignore' is beyond a symbolic link
fatal: pathspec 'node_modules/prettier-linter-helpers/.editorconfig' is beyond a symbolic link
fatal: pathspec 'node_modules/prettier-linter-helpers/README.md' is beyond a symbolic link
fatal: pathspec 'node_modules/prettier-linter-helpers/package.json' is beyond a symbolic link
fatal: pathspec 'node_modules/prettier-linter-helpers/.prettierrc' is beyond a symbolic link
fatal: pathspec 'node_modules/prettier-linter-helpers/.eslintrc.js' is beyond a symbolic link
fatal: pathspec 'node_modules/prettier-linter-helpers/.eslintignore' is beyond a symbolic link
fatal: pathspec 'node_modules/lint-staged/LICENSE' is beyond a symbolic link
fatal: pathspec 'node_modules/lint-staged/README.md' is beyond a symbolic link
fatal: pathspec 'node_modules/lint-staged/package.json' is beyond a symbolic link
fatal: pathspec 'node_modules/eslint-module-utils/ModuleCache.js' is beyond a symbolic link
fatal: pathspec 'node_modules/eslint-module-utils/LICENSE' is beyond a symbolic link
fatal: pathspec 'node_modules/eslint-module-utils/CHANGELOG.md' is beyond a symbolic link
fatal: pathspec 'node_modules/eslint-module-utils/moduleVisitor.js' is beyond a symbolic link
fatal: pathspec 'node_modules/eslint-module-utils/pkgDir.js' is beyond a symbolic link
fatal: pathspec 'node_modules/eslint-module-utils/readPkgUp.js' is beyond a symbolic link
fatal: pathspec 'node_modules/eslint-module-utils/visit.js' is beyond a symbolic link
fatal: pathspec 'node_modules/eslint-module-utils/resolve.js' is beyond a symbolic link
fatal: pathspec 'node_modules/eslint-module-utils/parse.js' is beyond a symbolic link
fatal: pathspec 'node_modules/eslint-module-utils/package.json' is beyond a symbolic link
fatal: pathspec 'node_modules/eslint-module-utils/ignore.js' is beyond a symbolic link
fatal: pathspec 'node_modules/eslint-module-utils/.nycrc' is beyond a symbolic link
fatal: pathspec 'node_modules/eslint-module-utils/pkgUp.js' is beyond a symbolic link
fatal: pathspec 'node_modules/eslint-module-utils/hash.js' is beyond a symbolic link
fatal: pathspec 'node_modules/eslint-module-utils/unambiguous.js' is beyond a symbolic link
fatal: pathspec 'node_modules/eslint-module-utils/declaredScope.js' is beyond a symbolic link
fatal: pathspec 'node_modules/eslint-plugin-jsx-a11y/.babelrc' is beyond a symbolic link
fatal: pathspec 'node_modules/eslint-plugin-jsx-a11y/LICENSE.md' is beyond a symbolic link
fatal: pathspec 'node_modules/eslint-plugin-jsx-a11y/CHANGELOG.md' is beyond a symbolic link
fatal: pathspec 'node_modules/eslint-plugin-jsx-a11y/.eslintrc' is beyond a symbolic link
fatal: pathspec 'node_modules/eslint-plugin-jsx-a11y/README.md' is beyond a symbolic link
fatal: pathspec 'node_modules/eslint-plugin-jsx-a11y/package.json' is beyond a symbolic link
fatal: pathspec 'node_modules/stylelint-config-prettier/license' is beyond a symbolic link
fatal: pathspec 'node_modules/stylelint-config-prettier/.editorconfig' is beyond a symbolic link
fatal: pathspec 'node_modules/stylelint-config-prettier/readme.md' is beyond a symbolic link
fatal: pathspec 'node_modules/stylelint-config-prettier/package.json' is beyond a symbolic link
fatal: pathspec 'node_modules/react-dom/client.js' is beyond a symbolic link
fatal: pathspec 'node_modules/react-dom/LICENSE' is beyond a symbolic link
fatal: pathspec 'node_modules/react-dom/server.js' is beyond a symbolic link
fatal: pathspec 'node_modules/react-dom/server.browser.js' is beyond a symbolic link
fatal: pathspec 'node_modules/react-dom/index.js' is beyond a symbolic link
fatal: pathspec 'node_modules/react-dom/README.md' is beyond a symbolic link
fatal: pathspec 'node_modules/react-dom/package.json' is beyond a symbolic link
fatal: pathspec 'node_modules/react-dom/profiling.js' is beyond a symbolic link
fatal: pathspec 'node_modules/react-dom/test-utils.js' is beyond a symbolic link
fatal: pathspec 'node_modules/react-dom/server.node.js' is beyond a symbolic link
fatal: pathspec 'node_modules/vite/LICENSE.md' is beyond a symbolic link
fatal: pathspec 'node_modules/vite/index.d.cts' is beyond a symbolic link
fatal: pathspec 'node_modules/vite/README.md' is beyond a symbolic link
fatal: pathspec 'node_modules/vite/package.json' is beyond a symbolic link
fatal: pathspec 'node_modules/vite/index.cjs' is beyond a symbolic link
fatal: pathspec 'node_modules/vite/client.d.ts' is beyond a symbolic link
fatal: pathspec 'node_modules/nx/executors.json' is beyond a symbolic link
fatal: pathspec 'node_modules/nx/LICENSE' is beyond a symbolic link
fatal: pathspec 'node_modules/nx/generators.json' is beyond a symbolic link
fatal: pathspec 'node_modules/nx/README.md' is beyond a symbolic link
fatal: pathspec 'node_modules/nx/package.json' is beyond a symbolic link
fatal: pathspec 'node_modules/nx/migrations.json' is beyond a symbolic link
fatal: pathspec 'node_modules/nx/.eslintrc.json' is beyond a symbolic link
fatal: pathspec 'node_modules/eslint-config-prettier/standard.js' is beyond a symbolic link
fatal: pathspec 'node_modules/eslint-config-prettier/prettier.js' is beyond a symbolic link
fatal: pathspec 'node_modules/eslint-config-prettier/unicorn.js' is beyond a symbolic link
fatal: pathspec 'node_modules/eslint-config-prettier/LICENSE' is beyond a symbolic link
fatal: pathspec 'node_modules/eslint-config-prettier/react.js' is beyond a symbolic link
fatal: pathspec 'node_modules/eslint-config-prettier/index.js' is beyond a symbolic link
fatal: pathspec 'node_modules/eslint-config-prettier/@typescript-eslint.js' is beyond a symbolic link
fatal: pathspec 'node_modules/eslint-config-prettier/README.md' is beyond a symbolic link
fatal: pathspec 'node_modules/eslint-config-prettier/package.json' is beyond a symbolic link
fatal: pathspec 'node_modules/eslint-config-prettier/vue.js' is beyond a symbolic link
fatal: pathspec 'node_modules/eslint-config-prettier/babel.js' is beyond a symbolic link
fatal: pathspec 'node_modules/eslint-config-prettier/flowtype.js' is beyond a symbolic link
fatal: pathspec 'node_modules/eslint/LICENSE' is beyond a symbolic link
fatal: pathspec 'node_modules/eslint/README.md' is beyond a symbolic link
fatal: pathspec 'node_modules/eslint/package.json' is beyond a symbolic link
fatal: pathspec 'node_modules/husky/bin.mjs' is beyond a symbolic link
fatal: pathspec 'node_modules/husky/LICENSE' is beyond a symbolic link
fatal: pathspec 'node_modules/husky/index.d.mts' is beyond a symbolic link
fatal: pathspec 'node_modules/husky/README.md' is beyond a symbolic link
fatal: pathspec 'node_modules/husky/package.json' is beyond a symbolic link
fatal: pathspec 'node_modules/husky/index.mjs' is beyond a symbolic link
fatal: pathspec 'node_modules/husky/husky' is beyond a symbolic link
fatal: pathspec 'node_modules/source-map/LICENSE' is beyond a symbolic link
fatal: pathspec 'node_modules/source-map/README.md' is beyond a symbolic link
fatal: pathspec 'node_modules/source-map/package.json' is beyond a symbolic link
fatal: pathspec 'node_modules/source-map/source-map.js' is beyond a symbolic link
fatal: pathspec 'node_modules/source-map/source-map.d.ts' is beyond a symbolic link
fatal: pathspec 'node_modules/nx-plugin-vite/executors.json' is beyond a symbolic link
fatal: pathspec 'node_modules/nx-plugin-vite/LICENSE' is beyond a symbolic link
fatal: pathspec 'node_modules/nx-plugin-vite/generators.json' is beyond a symbolic link
fatal: pathspec 'node_modules/nx-plugin-vite/jest.config.js' is beyond a symbolic link
fatal: pathspec 'node_modules/nx-plugin-vite/README.md' is beyond a symbolic link
fatal: pathspec 'node_modules/nx-plugin-vite/jest.config.d.ts' is beyond a symbolic link
fatal: pathspec 'node_modules/nx-plugin-vite/package.json' is beyond a symbolic link
fatal: pathspec 'node_modules/eslint-import-resolver-typescript/shim.d.ts' is beyond a symbolic link
fatal: pathspec 'node_modules/eslint-import-resolver-typescript/LICENSE' is beyond a symbolic link
fatal: pathspec 'node_modules/eslint-import-resolver-typescript/README.md' is beyond a symbolic link
fatal: pathspec 'node_modules/eslint-import-resolver-typescript/package.json' is beyond a symbolic link
fatal: pathspec 'node_modules/eslint-plugin-react/LICENSE' is beyond a symbolic link
fatal: pathspec 'node_modules/eslint-plugin-react/index.js' is beyond a symbolic link
fatal: pathspec 'node_modules/eslint-plugin-react/README.md' is beyond a symbolic link
fatal: pathspec 'node_modules/eslint-plugin-react/package.json' is beyond a symbolic link
fatal: pathspec 'node_modules/eslint-plugin-tailwindcss/LICENSE' is beyond a symbolic link
fatal: pathspec 'node_modules/eslint-plugin-tailwindcss/README.md' is beyond a symbolic link
fatal: pathspec 'node_modules/eslint-plugin-tailwindcss/package.json' is beyond a symbolic link
fatal: pathspec 'node_modules/buffer-from/LICENSE' is beyond a symbolic link
fatal: pathspec 'node_modules/buffer-from/index.js' is beyond a symbolic link
fatal: pathspec 'node_modules/buffer-from/readme.md' is beyond a symbolic link
fatal: pathspec 'node_modules/buffer-from/package.json' is beyond a symbolic link
fatal: pathspec 'node_modules/mega-linter-runner/README.md' is beyond a symbolic link
fatal: pathspec 'node_modules/mega-linter-runner/package.json' is beyond a symbolic link
fatal: pathspec 'node_modules/reflect-metadata/AUTHORS.md' is beyond a symbolic link
fatal: pathspec 'node_modules/reflect-metadata/ReflectNoConflict.js' is beyond a symbolic link
fatal: pathspec 'node_modules/reflect-metadata/LICENSE' is beyond a symbolic link
fatal: pathspec 'node_modules/reflect-metadata/standalone.d.ts' is beyond a symbolic link
fatal: pathspec 'node_modules/reflect-metadata/CopyrightNotice.txt' is beyond a symbolic link
fatal: pathspec 'node_modules/reflect-metadata/README.md' is beyond a symbolic link
fatal: pathspec 'node_modules/reflect-metadata/no-conflict.d.ts' is beyond a symbolic link
fatal: pathspec 'node_modules/reflect-metadata/package.json' is beyond a symbolic link
fatal: pathspec 'node_modules/reflect-metadata/Reflect.js' is beyond a symbolic link
fatal: pathspec 'node_modules/reflect-metadata/index.d.ts' is beyond a symbolic link
fatal: pathspec 'node_modules/reflect-metadata/ReflectLite.js' is beyond a symbolic link
fatal: pathspec 'node_modules/jest/LICENSE' is beyond a symbolic link
fatal: pathspec 'node_modules/jest/README.md' is beyond a symbolic link
fatal: pathspec 'node_modules/jest/package.json' is beyond a symbolic link
fatal: this operation must be run in a work tree
fatal: this operation must be run in a work tree
fatal: this operation must be run in a work tree
fatal: this operation must be run in a work tree
fatal: this operation must be run in a work tree
fatal: this operation must be run in a work tree
fatal: this operation must be run in a work tree
fatal: this operation must be run in a work tree
fatal: this operation must be run in a work tree
fatal: this operation must be run in a work tree
fatal: this operation must be run in a work tree
fatal: this operation must be run in a work tree
fatal: this operation must be run in a work tree
fatal: this operation must be run in a work tree
fatal: this operation must be run in a work tree
fatal: this operation must be run in a work tree
fatal: this operation must be run in a work tree
fatal: pathspec 'node_modules/@types/eslint-scope/LICENSE' is beyond a symbolic link
fatal: pathspec 'node_modules/@types/eslint-scope/README.md' is beyond a symbolic link
fatal: pathspec 'node_modules/@types/eslint-scope/package.json' is beyond a symbolic link
fatal: pathspec 'node_modules/@types/eslint-scope/index.d.ts' is beyond a symbolic link
fatal: pathspec 'node_modules/@types/prettier/parser-glimmer.d.ts' is beyond a symbolic link
fatal: pathspec 'node_modules/@types/prettier/parser-markdown.d.ts' is beyond a symbolic link
fatal: pathspec 'node_modules/@types/prettier/parser-meriyah.d.ts' is beyond a symbolic link
fatal: pathspec 'node_modules/@types/prettier/LICENSE' is beyond a symbolic link
fatal: pathspec 'node_modules/@types/prettier/parser-typescript.d.ts' is beyond a symbolic link
fatal: pathspec 'node_modules/@types/prettier/parser-espree.d.ts' is beyond a symbolic link
fatal: pathspec 'node_modules/@types/prettier/standalone.d.ts' is beyond a symbolic link
fatal: pathspec 'node_modules/@types/prettier/parser-babel.d.ts' is beyond a symbolic link
fatal: pathspec 'node_modules/@types/prettier/parser-flow.d.ts' is beyond a symbolic link
fatal: pathspec 'node_modules/@types/prettier/README.md' is beyond a symbolic link
fatal: pathspec 'node_modules/@types/prettier/parser-graphql.d.ts' is beyond a symbolic link
fatal: pathspec 'node_modules/@types/prettier/parser-yaml.d.ts' is beyond a symbolic link
fatal: pathspec 'node_modules/@types/prettier/package.json' is beyond a symbolic link
fatal: pathspec 'node_modules/@types/prettier/doc.d.ts' is beyond a symbolic link
fatal: pathspec 'node_modules/@types/prettier/parser-html.d.ts' is beyond a symbolic link
fatal: pathspec 'node_modules/@types/prettier/index.d.ts' is beyond a symbolic link
fatal: pathspec 'node_modules/@types/prettier/parser-angular.d.ts' is beyond a symbolic link
fatal: pathspec 'node_modules/@types/prettier/parser-postcss.d.ts' is beyond a symbolic link
fatal: pathspec 'node_modules/@types/eslint/LICENSE' is beyond a symbolic link
fatal: pathspec 'node_modules/@types/eslint/use-at-your-own-risk.d.ts' is beyond a symbolic link
fatal: pathspec 'node_modules/@types/eslint/README.md' is beyond a symbolic link
fatal: pathspec 'node_modules/@types/eslint/package.json' is beyond a symbolic link
fatal: pathspec 'node_modules/@types/eslint/helpers.d.ts' is beyond a symbolic link
fatal: pathspec 'node_modules/@types/eslint/index.d.ts' is beyond a symbolic link
fatal: pathspec 'node_modules/next/image-types/global.d.ts' is beyond a symbolic link
fatal: pathspec 'node_modules/next/compat/router.js' is beyond a symbolic link
fatal: pathspec 'node_modules/next/compat/router.d.ts' is beyond a symbolic link
fatal: pathspec 'node_modules/next/types/compiled.d.ts' is beyond a symbolic link
fatal: pathspec 'node_modules/next/types/global.d.ts' is beyond a symbolic link
fatal: pathspec 'node_modules/next/types/index.d.ts' is beyond a symbolic link
fatal: pathspec 'node_modules/next/legacy/image.js' is beyond a symbolic link
fatal: pathspec 'node_modules/next/legacy/image.d.ts' is beyond a symbolic link
fatal: pathspec 'node_modules/next/font/index.d.ts' is beyond a symbolic link
fatal: pathspec 'node_modules/@nx/next/tailwind.d.ts' is beyond a symbolic link
fatal: pathspec 'node_modules/@nx/next/executors.json' is beyond a symbolic link
fatal: pathspec 'node_modules/@nx/next/babel.d.ts' is beyond a symbolic link
fatal: pathspec 'node_modules/@nx/next/LICENSE' is beyond a symbolic link
fatal: pathspec 'node_modules/@nx/next/generators.json' is beyond a symbolic link
fatal: pathspec 'node_modules/@nx/next/index.js' is beyond a symbolic link
fatal: pathspec 'node_modules/@nx/next/plugin.d.ts' is beyond a symbolic link
fatal: pathspec 'node_modules/@nx/next/README.md' is beyond a symbolic link
fatal: pathspec 'node_modules/@nx/next/package.json' is beyond a symbolic link
fatal: pathspec 'node_modules/@nx/next/babel.js' is beyond a symbolic link
fatal: pathspec 'node_modules/@nx/next/migrations.json' is beyond a symbolic link
fatal: pathspec 'node_modules/@nx/next/tailwind.js' is beyond a symbolic link
fatal: pathspec 'node_modules/@nx/next/index.d.ts' is beyond a symbolic link
fatal: pathspec 'node_modules/@nx/next/plugin.js' is beyond a symbolic link
fatal: pathspec 'node_modules/@nx/web/executors.json' is beyond a symbolic link
fatal: pathspec 'node_modules/@nx/web/babel.d.ts' is beyond a symbolic link
fatal: pathspec 'node_modules/@nx/web/LICENSE' is beyond a symbolic link
fatal: pathspec 'node_modules/@nx/web/generators.json' is beyond a symbolic link
fatal: pathspec 'node_modules/@nx/web/index.js' is beyond a symbolic link
fatal: pathspec 'node_modules/@nx/web/README.md' is beyond a symbolic link
fatal: pathspec 'node_modules/@nx/web/package.json' is beyond a symbolic link
fatal: pathspec 'node_modules/@nx/web/babel.js' is beyond a symbolic link
fatal: pathspec 'node_modules/@nx/web/migrations.json' is beyond a symbolic link
fatal: pathspec 'node_modules/@nx/web/index.d.ts' is beyond a symbolic link
fatal: pathspec 'node_modules/@nx/rspack/executors.json' is beyond a symbolic link
fatal: pathspec 'node_modules/@nx/rspack/LICENSE' is beyond a symbolic link
fatal: pathspec 'node_modules/@nx/rspack/generators.json' is beyond a symbolic link
fatal: pathspec 'node_modules/@nx/rspack/README.md' is beyond a symbolic link
fatal: pathspec 'node_modules/@nx/rspack/package.json' is beyond a symbolic link
fatal: pathspec 'node_modules/@nx/rspack/migrations.json' is beyond a symbolic link
fatal: pathspec 'node_modules/@nx/vite/executors.json' is beyond a symbolic link
fatal: pathspec 'node_modules/@nx/vite/executors.d.ts' is beyond a symbolic link
fatal: pathspec 'node_modules/@nx/vite/LICENSE' is beyond a symbolic link
fatal: pathspec 'node_modules/@nx/vite/generators.json' is beyond a symbolic link
fatal: pathspec 'node_modules/@nx/vite/index.js' is beyond a symbolic link
fatal: pathspec 'node_modules/@nx/vite/plugin.d.ts' is beyond a symbolic link
fatal: pathspec 'node_modules/@nx/vite/README.md' is beyond a symbolic link
fatal: pathspec 'node_modules/@nx/vite/executors.js.map' is beyond a symbolic link
fatal: pathspec 'node_modules/@nx/vite/plugin.js.map' is beyond a symbolic link
fatal: pathspec 'node_modules/@nx/vite/package.json' is beyond a symbolic link
fatal: pathspec 'node_modules/@nx/vite/index.js.map' is beyond a symbolic link
fatal: pathspec 'node_modules/@nx/vite/migrations.json' is beyond a symbolic link
fatal: pathspec 'node_modules/@nx/vite/executors.js' is beyond a symbolic link
fatal: pathspec 'node_modules/@nx/vite/index.d.ts' is beyond a symbolic link
fatal: pathspec 'node_modules/@nx/vite/plugin.js' is beyond a symbolic link
fatal: pathspec 'node_modules/@nx/eslint/executors.json' is beyond a symbolic link
fatal: pathspec 'node_modules/@nx/eslint/LICENSE' is beyond a symbolic link
fatal: pathspec 'node_modules/@nx/eslint/generators.json' is beyond a symbolic link
fatal: pathspec 'node_modules/@nx/eslint/index.js' is beyond a symbolic link
fatal: pathspec 'node_modules/@nx/eslint/plugin.d.ts' is beyond a symbolic link
fatal: pathspec 'node_modules/@nx/eslint/README.md' is beyond a symbolic link
fatal: pathspec 'node_modules/@nx/eslint/package.json' is beyond a symbolic link
fatal: pathspec 'node_modules/@nx/eslint/migrations.json' is beyond a symbolic link
fatal: pathspec 'node_modules/@nx/eslint/index.d.ts' is beyond a symbolic link
fatal: pathspec 'node_modules/@nx/eslint/plugin.js' is beyond a symbolic link
fatal: pathspec 'node_modules/@nx/jest/executors.json' is beyond a symbolic link
fatal: pathspec 'node_modules/@nx/jest/LICENSE' is beyond a symbolic link
fatal: pathspec 'node_modules/@nx/jest/generators.json' is beyond a symbolic link
fatal: pathspec 'node_modules/@nx/jest/index.js' is beyond a symbolic link
fatal: pathspec 'node_modules/@nx/jest/plugin.d.ts' is beyond a symbolic link
fatal: pathspec 'node_modules/@nx/jest/README.md' is beyond a symbolic link
fatal: pathspec 'node_modules/@nx/jest/package.json' is beyond a symbolic link
fatal: pathspec 'node_modules/@nx/jest/migrations.json' is beyond a symbolic link
fatal: pathspec 'node_modules/@nx/jest/index.d.ts' is beyond a symbolic link
fatal: pathspec 'node_modules/@nx/jest/plugin.js' is beyond a symbolic link
fatal: pathspec 'node_modules/eslint-scope/dist/eslint-scope.cjs' is beyond a symbolic link
fatal: pathspec 'node_modules/eslint-scope/lib/referencer.js' is beyond a symbolic link
fatal: pathspec 'node_modules/eslint-scope/lib/index.js' is beyond a symbolic link
fatal: pathspec 'node_modules/eslint-scope/lib/version.js' is beyond a symbolic link
fatal: pathspec 'node_modules/eslint-scope/lib/scope-manager.js' is beyond a symbolic link
fatal: pathspec 'node_modules/eslint-scope/lib/scope.js' is beyond a symbolic link
fatal: pathspec 'node_modules/eslint-scope/lib/pattern-visitor.js' is beyond a symbolic link
fatal: pathspec 'node_modules/eslint-scope/lib/variable.js' is beyond a symbolic link
fatal: pathspec 'node_modules/eslint-scope/lib/reference.js' is beyond a symbolic link
fatal: pathspec 'node_modules/eslint-scope/lib/definition.js' is beyond a symbolic link
fatal: pathspec 'node_modules/eslint-plugin-import/memo-parser/LICENSE' is beyond a symbolic link
fatal: pathspec 'node_modules/eslint-plugin-import/memo-parser/index.js' is beyond a symbolic link
fatal: pathspec 'node_modules/eslint-plugin-import/memo-parser/README.md' is beyond a symbolic link
fatal: pathspec 'node_modules/eslint-plugin-import/config/warnings.js' is beyond a symbolic link
fatal: pathspec 'node_modules/eslint-plugin-import/config/typescript.js' is beyond a symbolic link
fatal: pathspec 'node_modules/eslint-plugin-import/config/react.js' is beyond a symbolic link
fatal: pathspec 'node_modules/eslint-plugin-import/config/errors.js' is beyond a symbolic link
fatal: pathspec 'node_modules/eslint-plugin-import/config/electron.js' is beyond a symbolic link
fatal: pathspec 'node_modules/eslint-plugin-import/config/stage-0.js' is beyond a symbolic link
fatal: pathspec 'node_modules/eslint-plugin-import/config/react-native.js' is beyond a symbolic link
fatal: pathspec 'node_modules/eslint-plugin-import/config/recommended.js' is beyond a symbolic link
fatal: pathspec 'node_modules/eslint-plugin-import/lib/docsUrl.js' is beyond a symbolic link
fatal: pathspec 'node_modules/eslint-plugin-import/lib/importDeclaration.js' is beyond a symbolic link
fatal: pathspec 'node_modules/eslint-plugin-import/lib/index.js' is beyond a symbolic link
fatal: pathspec 'node_modules/eslint-plugin-import/lib/ExportMap.js' is beyond a symbolic link
fatal: pathspec 'node_modules/@eslint/js/LICENSE' is beyond a symbolic link
fatal: pathspec 'node_modules/@eslint/js/README.md' is beyond a symbolic link
fatal: pathspec 'node_modules/@eslint/js/package.json' is beyond a symbolic link
fatal: pathspec 'node_modules/@eslint/eslintrc/LICENSE' is beyond a symbolic link
fatal: pathspec 'node_modules/@eslint/eslintrc/README.md' is beyond a symbolic link
fatal: pathspec 'node_modules/@eslint/eslintrc/package.json' is beyond a symbolic link
fatal: pathspec 'node_modules/@eslint/eslintrc/universal.js' is beyond a symbolic link
fatal: pathspec 'node_modules/@nestjs/microservices/constants.js' is beyond a symbolic link
fatal: pathspec 'node_modules/@nestjs/microservices/constants.d.ts' is beyond a symbolic link
fatal: pathspec 'node_modules/@nestjs/microservices/microservices-module.js' is beyond a symbolic link
fatal: pathspec 'node_modules/@nestjs/microservices/tokens.js' is beyond a symbolic link
fatal: pathspec 'node_modules/@nestjs/microservices/LICENSE' is beyond a symbolic link
fatal: pathspec 'node_modules/@nestjs/microservices/microservices-module.d.ts' is beyond a symbolic link
fatal: pathspec 'node_modules/@nestjs/microservices/nest-microservice.d.ts' is beyond a symbolic link
fatal: pathspec 'node_modules/@nestjs/microservices/nest-microservice.js' is beyond a symbolic link
fatal: pathspec 'node_modules/@nestjs/microservices/index.js' is beyond a symbolic link
fatal: pathspec 'node_modules/@nestjs/microservices/Readme.md' is beyond a symbolic link
fatal: pathspec 'node_modules/@nestjs/microservices/container.d.ts' is beyond a symbolic link
fatal: pathspec 'node_modules/@nestjs/microservices/package.json' is beyond a symbolic link
fatal: pathspec 'node_modules/@nestjs/microservices/tsconfig.build.json' is beyond a symbolic link
fatal: pathspec 'node_modules/@nestjs/microservices/listeners-controller.d.ts' is beyond a symbolic link
fatal: pathspec 'node_modules/@nestjs/microservices/index.d.ts' is beyond a symbolic link
fatal: pathspec 'node_modules/@nestjs/microservices/tokens.d.ts' is beyond a symbolic link
fatal: pathspec 'node_modules/@nestjs/microservices/container.js' is beyond a symbolic link
fatal: pathspec 'node_modules/@nestjs/microservices/listeners-controller.js' is beyond a symbolic link
fatal: pathspec 'node_modules/@nestjs/microservices/listener-metadata-explorer.js' is beyond a symbolic link
fatal: pathspec 'node_modules/@nestjs/microservices/listener-metadata-explorer.d.ts' is beyond a symbolic link
fatal: pathspec 'node_modules/@nestjs/core/constants.js' is beyond a symbolic link
fatal: pathspec 'node_modules/@nestjs/core/constants.d.ts' is beyond a symbolic link
fatal: pathspec 'node_modules/@nestjs/core/nest-application-context.js' is beyond a symbolic link
fatal: pathspec 'node_modules/@nestjs/core/LICENSE' is beyond a symbolic link
fatal: pathspec 'node_modules/@nestjs/core/nest-application.js' is beyond a symbolic link
fatal: pathspec 'node_modules/@nestjs/core/scanner.js' is beyond a symbolic link
fatal: pathspec 'node_modules/@nestjs/core/index.js' is beyond a symbolic link
fatal: pathspec 'node_modules/@nestjs/core/Readme.md' is beyond a symbolic link
fatal: pathspec 'node_modules/@nestjs/core/nest-factory.js' is beyond a symbolic link
fatal: pathspec 'node_modules/@nestjs/core/metadata-scanner.js' is beyond a symbolic link
fatal: pathspec 'node_modules/@nestjs/core/package.json' is beyond a symbolic link
fatal: pathspec 'node_modules/@nestjs/core/tsconfig.build.json' is beyond a symbolic link
fatal: pathspec 'node_modules/@nestjs/core/PACKAGE.md' is beyond a symbolic link
fatal: pathspec 'node_modules/@nestjs/core/nest-application-context.d.ts' is beyond a symbolic link
fatal: pathspec 'node_modules/@nestjs/core/scanner.d.ts' is beyond a symbolic link
fatal: pathspec 'node_modules/@nestjs/core/index.d.ts' is beyond a symbolic link
fatal: pathspec 'node_modules/@nestjs/core/nest-application.d.ts' is beyond a symbolic link
fatal: pathspec 'node_modules/@nestjs/core/application-config.js' is beyond a symbolic link
fatal: pathspec 'node_modules/@nestjs/core/application-config.d.ts' is beyond a symbolic link
fatal: pathspec 'node_modules/@nestjs/core/nest-factory.d.ts' is beyond a symbolic link
fatal: pathspec 'node_modules/@nestjs/core/metadata-scanner.d.ts' is beyond a symbolic link
fatal: pathspec 'node_modules/@nestjs/platform-express/LICENSE' is beyond a symbolic link
fatal: pathspec 'node_modules/@nestjs/platform-express/index.js' is beyond a symbolic link
fatal: pathspec 'node_modules/@nestjs/platform-express/Readme.md' is beyond a symbolic link
fatal: pathspec 'node_modules/@nestjs/platform-express/package.json' is beyond a symbolic link
fatal: pathspec 'node_modules/@nestjs/platform-express/tsconfig.build.json' is beyond a symbolic link
fatal: pathspec 'node_modules/@nestjs/platform-express/index.d.ts' is beyond a symbolic link
fatal: pathspec 'node_modules/@nestjs/common/constants.js' is beyond a symbolic link
fatal: pathspec 'node_modules/@nestjs/common/constants.d.ts' is beyond a symbolic link
fatal: pathspec 'node_modules/@nestjs/common/LICENSE' is beyond a symbolic link
fatal: pathspec 'node_modules/@nestjs/common/index.js' is beyond a symbolic link
fatal: pathspec 'node_modules/@nestjs/common/Readme.md' is beyond a symbolic link
fatal: pathspec 'node_modules/@nestjs/common/package.json' is beyond a symbolic link
fatal: pathspec 'node_modules/@nestjs/common/tsconfig.build.json' is beyond a symbolic link
fatal: pathspec 'node_modules/@nestjs/common/PACKAGE.md' is beyond a symbolic link
fatal: pathspec 'node_modules/@nestjs/common/index.d.ts' is beyond a symbolic link
fatal: pathspec 'node_modules/prettier/bin/prettier.cjs' is beyond a symbolic link
fatal: pathspec 'node_modules/prettier/plugins/html.js' is beyond a symbolic link
fatal: pathspec 'node_modules/prettier/plugins/glimmer.js' is beyond a symbolic link
fatal: pathspec 'node_modules/prettier/plugins/postcss.js' is beyond a symbolic link
fatal: pathspec 'node_modules/prettier/plugins/graphql.mjs' is beyond a symbolic link
fatal: pathspec 'node_modules/prettier/plugins/estree.mjs' is beyond a symbolic link
fatal: pathspec 'node_modules/prettier/plugins/typescript.js' is beyond a symbolic link
fatal: pathspec 'node_modules/prettier/plugins/babel.d.ts' is beyond a symbolic link
fatal: pathspec 'node_modules/prettier/plugins/yaml.mjs' is beyond a symbolic link
fatal: pathspec 'node_modules/prettier/plugins/flow.js' is beyond a symbolic link
fatal: pathspec 'node_modules/prettier/plugins/html.mjs' is beyond a symbolic link
fatal: pathspec 'node_modules/prettier/plugins/graphql.js' is beyond a symbolic link
fatal: pathspec 'node_modules/prettier/plugins/meriyah.d.ts' is beyond a symbolic link
fatal: pathspec 'node_modules/prettier/plugins/acorn.mjs' is beyond a symbolic link
fatal: pathspec 'node_modules/prettier/plugins/meriyah.js' is beyond a symbolic link
fatal: pathspec 'node_modules/prettier/plugins/typescript.mjs' is beyond a symbolic link
fatal: pathspec 'node_modules/prettier/plugins/markdown.d.ts' is beyond a symbolic link
fatal: pathspec 'node_modules/prettier/plugins/babel.mjs' is beyond a symbolic link
fatal: pathspec 'node_modules/prettier/plugins/glimmer.d.ts' is beyond a symbolic link
fatal: pathspec 'node_modules/prettier/plugins/acorn.d.ts' is beyond a symbolic link
fatal: pathspec 'node_modules/prettier/plugins/estree.d.ts' is beyond a symbolic link
fatal: pathspec 'node_modules/prettier/plugins/glimmer.mjs' is beyond a symbolic link
fatal: pathspec 'node_modules/prettier/plugins/postcss.mjs' is beyond a symbolic link
fatal: pathspec 'node_modules/prettier/plugins/angular.js' is beyond a symbolic link
fatal: pathspec 'node_modules/prettier/plugins/flow.mjs' is beyond a symbolic link
fatal: pathspec 'node_modules/prettier/plugins/postcss.d.ts' is beyond a symbolic link
fatal: pathspec 'node_modules/prettier/plugins/flow.d.ts' is beyond a symbolic link
fatal: pathspec 'node_modules/prettier/plugins/markdown.mjs' is beyond a symbolic link
fatal: pathspec 'node_modules/prettier/plugins/acorn.js' is beyond a symbolic link
fatal: pathspec 'node_modules/prettier/plugins/angular.d.ts' is beyond a symbolic link
fatal: pathspec 'node_modules/prettier/plugins/yaml.d.ts' is beyond a symbolic link
fatal: pathspec 'node_modules/prettier/plugins/meriyah.mjs' is beyond a symbolic link
fatal: pathspec 'node_modules/prettier/plugins/angular.mjs' is beyond a symbolic link
fatal: pathspec 'node_modules/prettier/plugins/babel.js' is beyond a symbolic link
fatal: pathspec 'node_modules/prettier/plugins/html.d.ts' is beyond a symbolic link
fatal: pathspec 'node_modules/prettier/plugins/yaml.js' is beyond a symbolic link
fatal: pathspec 'node_modules/prettier/plugins/graphql.d.ts' is beyond a symbolic link
fatal: pathspec 'node_modules/prettier/plugins/typescript.d.ts' is beyond a symbolic link
fatal: pathspec 'node_modules/prettier/plugins/markdown.js' is beyond a symbolic link
fatal: pathspec 'node_modules/prettier/plugins/estree.js' is beyond a symbolic link
fatal: pathspec 'node_modules/prettier/internal/cli.mjs' is beyond a symbolic link
fatal: pathspec 'node_modules/vitest/dist/execute.js' is beyond a symbolic link
fatal: pathspec 'node_modules/vitest/dist/reporters-MmQN-57K.d.ts' is beyond a symbolic link
fatal: pathspec 'node_modules/vitest/dist/spy.js' is beyond a symbolic link
fatal: pathspec 'node_modules/vitest/dist/coverage.js' is beyond a symbolic link
fatal: pathspec 'node_modules/vitest/dist/environments.d.ts' is beyond a symbolic link
fatal: pathspec 'node_modules/vitest/dist/config.d.ts' is beyond a symbolic link
fatal: pathspec 'node_modules/vitest/dist/worker.js' is beyond a symbolic link
fatal: pathspec 'node_modules/vitest/dist/runners.d.ts' is beyond a symbolic link
fatal: pathspec 'node_modules/vitest/dist/index.js' is beyond a symbolic link
fatal: pathspec 'node_modules/vitest/dist/suite.js' is beyond a symbolic link
fatal: pathspec 'node_modules/vitest/dist/config.js' is beyond a symbolic link
fatal: pathspec 'node_modules/vitest/dist/suite.d.ts' is beyond a symbolic link
fatal: pathspec 'node_modules/vitest/dist/execute.d.ts' is beyond a symbolic link
fatal: pathspec 'node_modules/vitest/dist/node.js' is beyond a symbolic link
fatal: pathspec 'node_modules/vitest/dist/workers.js' is beyond a symbolic link
fatal: pathspec 'node_modules/vitest/dist/utils.d.ts' is beyond a symbolic link
fatal: pathspec 'node_modules/vitest/dist/workers.d.ts' is beyond a symbolic link
fatal: pathspec 'node_modules/vitest/dist/path.js' is beyond a symbolic link
fatal: pathspec 'node_modules/vitest/dist/coverage.d.ts' is beyond a symbolic link
fatal: pathspec 'node_modules/vitest/dist/cli.js' is beyond a symbolic link
fatal: pathspec 'node_modules/vitest/dist/utils.js' is beyond a symbolic link
fatal: pathspec 'node_modules/vitest/dist/cli-wrapper.js' is beyond a symbolic link
fatal: pathspec 'node_modules/vitest/dist/index.d.ts' is beyond a symbolic link
fatal: pathspec 'node_modules/vitest/dist/suite-UrZdHRff.d.ts' is beyond a symbolic link
fatal: pathspec 'node_modules/vitest/dist/browser.js' is beyond a symbolic link
fatal: pathspec 'node_modules/vitest/dist/reporters.js' is beyond a symbolic link
fatal: pathspec 'node_modules/vitest/dist/node.d.ts' is beyond a symbolic link
fatal: pathspec 'node_modules/vitest/dist/browser.d.ts' is beyond a symbolic link
fatal: pathspec 'node_modules/vitest/dist/environments.js' is beyond a symbolic link
fatal: pathspec 'node_modules/vitest/dist/runners.js' is beyond a symbolic link
fatal: pathspec 'node_modules/vitest/dist/reporters.d.ts' is beyond a symbolic link
fatal: pathspec 'node_modules/vitest/dist/config.cjs' is beyond a symbolic link
fatal: pathspec 'node_modules/tslib/modules/index.js' is beyond a symbolic link
fatal: pathspec 'node_modules/tslib/modules/package.json' is beyond a symbolic link
fatal: pathspec 'node_modules/tslib/modules/index.d.ts' is beyond a symbolic link
fatal: pathspec 'node_modules/@typescript-eslint/types/LICENSE' is beyond a symbolic link
fatal: pathspec 'node_modules/@typescript-eslint/types/README.md' is beyond a symbolic link
fatal: pathspec 'node_modules/@typescript-eslint/types/package.json' is beyond a symbolic link
fatal: pathspec 'node_modules/@typescript-eslint/typescript-estree/LICENSE' is beyond a symbolic link
fatal: pathspec 'node_modules/@typescript-eslint/typescript-estree/README.md' is beyond a symbolic link
fatal: pathspec 'node_modules/@typescript-eslint/typescript-estree/package.json' is beyond a symbolic link
fatal: pathspec 'node_modules/@typescript-eslint/utils/LICENSE' is beyond a symbolic link
fatal: pathspec 'node_modules/@typescript-eslint/utils/README.md' is beyond a symbolic link
fatal: pathspec 'node_modules/@typescript-eslint/utils/package.json' is beyond a symbolic link
fatal: pathspec 'node_modules/@typescript-eslint/parser/LICENSE' is beyond a symbolic link
fatal: pathspec 'node_modules/@typescript-eslint/parser/README.md' is beyond a symbolic link
fatal: pathspec 'node_modules/@typescript-eslint/parser/package.json' is beyond a symbolic link
fatal: pathspec 'node_modules/@typescript-eslint/type-utils/LICENSE' is beyond a symbolic link
fatal: pathspec 'node_modules/@typescript-eslint/type-utils/README.md' is beyond a symbolic link
fatal: pathspec 'node_modules/@typescript-eslint/type-utils/package.json' is beyond a symbolic link
fatal: pathspec 'node_modules/@typescript-eslint/scope-manager/LICENSE' is beyond a symbolic link
fatal: pathspec 'node_modules/@typescript-eslint/scope-manager/README.md' is beyond a symbolic link
fatal: pathspec 'node_modules/@typescript-eslint/scope-manager/package.json' is beyond a symbolic link
fatal: pathspec 'node_modules/@typescript-eslint/eslint-plugin/LICENSE' is beyond a symbolic link
fatal: pathspec 'node_modules/@typescript-eslint/eslint-plugin/README.md' is beyond a symbolic link
fatal: pathspec 'node_modules/@typescript-eslint/eslint-plugin/package.json' is beyond a symbolic link
fatal: pathspec 'node_modules/@typescript-eslint/eslint-plugin/rules.d.ts' is beyond a symbolic link
fatal: pathspec 'node_modules/@typescript-eslint/eslint-plugin/index.d.ts' is beyond a symbolic link
fatal: pathspec 'node_modules/@typescript-eslint/visitor-keys/LICENSE' is beyond a symbolic link
fatal: pathspec 'node_modules/@typescript-eslint/visitor-keys/README.md' is beyond a symbolic link
fatal: pathspec 'node_modules/@typescript-eslint/visitor-keys/package.json' is beyond a symbolic link
fatal: pathspec 'node_modules/eslint-visitor-keys/dist/eslint-visitor-keys.d.cts' is beyond a symbolic link
fatal: pathspec 'node_modules/eslint-visitor-keys/dist/visitor-keys.d.ts' is beyond a symbolic link
fatal: pathspec 'node_modules/eslint-visitor-keys/dist/eslint-visitor-keys.cjs' is beyond a symbolic link
fatal: pathspec 'node_modules/eslint-visitor-keys/dist/index.d.ts' is beyond a symbolic link
fatal: pathspec 'node_modules/eslint-visitor-keys/lib/visitor-keys.js' is beyond a symbolic link
fatal: pathspec 'node_modules/eslint-visitor-keys/lib/index.js' is beyond a symbolic link
fatal: pathspec 'node_modules/eslint-plugin-react-hooks/cjs/eslint-plugin-react-hooks.production.min.js' is beyond a symbolic link
fatal: pathspec 'node_modules/eslint-plugin-react-hooks/cjs/eslint-plugin-react-hooks.development.js' is beyond a symbolic link
fatal: pathspec 'node_modules/prettier-linter-helpers/test/index.test.js' is beyond a symbolic link
fatal: pathspec 'node_modules/prettier-linter-helpers/.github/CONTRIBUTING.md' is beyond a symbolic link
fatal: pathspec 'node_modules/prettier-linter-helpers/.vscode/settings.json' is beyond a symbolic link
fatal: pathspec 'node_modules/@trunkio/launcher/README.md' is beyond a symbolic link
fatal: pathspec 'node_modules/@trunkio/launcher/package.json' is beyond a symbolic link
fatal: pathspec 'node_modules/@trunkio/launcher/trunk.js' is beyond a symbolic link
fatal: pathspec 'node_modules/@trunkio/launcher/launcher_test' is beyond a symbolic link
fatal: pathspec 'node_modules/lint-staged/bin/lint-staged.js' is beyond a symbolic link
fatal: pathspec 'node_modules/lint-staged/lib/makeCmdTasks.js' is beyond a symbolic link
fatal: pathspec 'node_modules/lint-staged/lib/gitWorkflow.js' is beyond a symbolic link
fatal: pathspec 'node_modules/lint-staged/lib/readStdin.js' is beyond a symbolic link
fatal: pathspec 'node_modules/lint-staged/lib/getDiffCommand.js' is beyond a symbolic link
fatal: pathspec 'node_modules/lint-staged/lib/execGit.js' is beyond a symbolic link
fatal: pathspec 'node_modules/lint-staged/lib/getStagedFiles.js' is beyond a symbolic link
fatal: pathspec 'node_modules/lint-staged/lib/validateConfig.js' is beyond a symbolic link
fatal: pathspec 'node_modules/lint-staged/lib/configFiles.js' is beyond a symbolic link
fatal: pathspec 'node_modules/lint-staged/lib/validateOptions.js' is beyond a symbolic link
fatal: pathspec 'node_modules/lint-staged/lib/searchConfigs.js' is beyond a symbolic link
fatal: pathspec 'node_modules/lint-staged/lib/parseGitZOutput.js' is beyond a symbolic link
fatal: pathspec 'node_modules/lint-staged/lib/printTaskOutput.js' is beyond a symbolic link
fatal: pathspec 'node_modules/lint-staged/lib/index.js' is beyond a symbolic link
fatal: pathspec 'node_modules/lint-staged/lib/normalizePath.js' is beyond a symbolic link
fatal: pathspec 'node_modules/lint-staged/lib/chunkFiles.js' is beyond a symbolic link
fatal: pathspec 'node_modules/lint-staged/lib/validateBraces.js' is beyond a symbolic link
fatal: pathspec 'node_modules/lint-staged/lib/resolveGitRepo.js' is beyond a symbolic link
fatal: pathspec 'node_modules/lint-staged/lib/loadConfig.js' is beyond a symbolic link
fatal: pathspec 'node_modules/lint-staged/lib/dynamicImport.js' is beyond a symbolic link
fatal: pathspec 'node_modules/lint-staged/lib/state.js' is beyond a symbolic link
fatal: pathspec 'node_modules/lint-staged/lib/getRenderer.js' is beyond a symbolic link
fatal: pathspec 'node_modules/lint-staged/lib/runAll.js' is beyond a symbolic link
fatal: pathspec 'node_modules/lint-staged/lib/symbols.js' is beyond a symbolic link
fatal: pathspec 'node_modules/lint-staged/lib/file.js' is beyond a symbolic link
fatal: pathspec 'node_modules/lint-staged/lib/groupFilesByConfig.js' is beyond a symbolic link
fatal: pathspec 'node_modules/lint-staged/lib/resolveTaskFn.js' is beyond a symbolic link
fatal: pathspec 'node_modules/lint-staged/lib/messages.js' is beyond a symbolic link
fatal: pathspec 'node_modules/lint-staged/lib/generateTasks.js' is beyond a symbolic link
fatal: pathspec 'node_modules/lint-staged/lib/resolveConfig.js' is beyond a symbolic link
fatal: pathspec 'node_modules/lint-staged/lib/figures.js' is beyond a symbolic link
fatal: pathspec 'node_modules/@culur/stylelint-config/LICENSE' is beyond a symbolic link
fatal: pathspec 'node_modules/@culur/stylelint-config/CHANGELOG.md' is beyond a symbolic link
fatal: pathspec 'node_modules/@culur/stylelint-config/README.md' is beyond a symbolic link
fatal: pathspec 'node_modules/@culur/stylelint-config/package.json' is beyond a symbolic link
fatal: pathspec 'node_modules/eslint-plugin-jsx-a11y/__mocks__/JSXSpreadAttributeMock.js' is beyond a symbolic link
fatal: pathspec 'node_modules/eslint-plugin-jsx-a11y/__mocks__/JSXAttributeMock.js' is beyond a symbolic link
fatal: pathspec 'node_modules/eslint-plugin-jsx-a11y/__mocks__/JSXTextMock.js' is beyond a symbolic link
fatal: pathspec 'node_modules/eslint-plugin-jsx-a11y/__mocks__/LiteralMock.js' is beyond a symbolic link
fatal: pathspec 'node_modules/eslint-plugin-jsx-a11y/__mocks__/JSXExpressionContainerMock.js' is beyond a symbolic link
fatal: pathspec 'node_modules/eslint-plugin-jsx-a11y/__mocks__/IdentifierMock.js' is beyond a symbolic link
fatal: pathspec 'node_modules/eslint-plugin-jsx-a11y/__mocks__/JSXElementMock.js' is beyond a symbolic link
fatal: pathspec 'node_modules/eslint-plugin-jsx-a11y/__mocks__/genInteractives.js' is beyond a symbolic link
fatal: pathspec 'node_modules/eslint-plugin-jsx-a11y/__tests__/index-test.js' is beyond a symbolic link
fatal: pathspec 'node_modules/eslint-plugin-jsx-a11y/lib/index.js' is beyond a symbolic link
fatal: pathspec 'node_modules/stylelint-config-prettier/test/config.js' is beyond a symbolic link
fatal: pathspec 'node_modules/stylelint-config-prettier/test/checker.js' is beyond a symbolic link
fatal: pathspec 'node_modules/stylelint-config-prettier/bin/check.js' is beyond a symbolic link
fatal: pathspec 'node_modules/stylelint-config-prettier/src/index.js' is beyond a symbolic link
fatal: pathspec 'node_modules/stylelint-config-prettier/src/checker.js' is beyond a symbolic link
fatal: pathspec 'node_modules/react-dom/umd/react-dom-server.browser.development.js' is beyond a symbolic link
fatal: pathspec 'node_modules/react-dom/umd/react-dom.production.min.js' is beyond a symbolic link
fatal: pathspec 'node_modules/react-dom/umd/react-dom.profiling.min.js' is beyond a symbolic link
fatal: pathspec 'node_modules/react-dom/umd/react-dom-server-legacy.browser.production.min.js' is beyond a symbolic link
fatal: pathspec 'node_modules/react-dom/umd/react-dom-test-utils.production.min.js' is beyond a symbolic link
fatal: pathspec 'node_modules/react-dom/umd/react-dom.development.js' is beyond a symbolic link
fatal: pathspec 'node_modules/react-dom/umd/react-dom-server.browser.production.min.js' is beyond a symbolic link
fatal: pathspec 'node_modules/react-dom/umd/react-dom-server-legacy.browser.development.js' is beyond a symbolic link
fatal: pathspec 'node_modules/react-dom/umd/react-dom-test-utils.development.js' is beyond a symbolic link
fatal: pathspec 'node_modules/react-dom/cjs/react-dom-server.node.production.min.js' is beyond a symbolic link
fatal: pathspec 'node_modules/react-dom/cjs/react-dom-server.browser.development.js' is beyond a symbolic link
fatal: pathspec 'node_modules/react-dom/cjs/react-dom.production.min.js' is beyond a symbolic link
fatal: pathspec 'node_modules/react-dom/cjs/react-dom-server-legacy.node.development.js' is beyond a symbolic link
fatal: pathspec 'node_modules/react-dom/cjs/react-dom.profiling.min.js' is beyond a symbolic link
fatal: pathspec 'node_modules/react-dom/cjs/react-dom-server-legacy.browser.production.min.js' is beyond a symbolic link
fatal: pathspec 'node_modules/react-dom/cjs/react-dom-server.node.development.js' is beyond a symbolic link
fatal: pathspec 'node_modules/react-dom/cjs/react-dom-test-utils.production.min.js' is beyond a symbolic link
fatal: pathspec 'node_modules/react-dom/cjs/react-dom.development.js' is beyond a symbolic link
fatal: pathspec 'node_modules/react-dom/cjs/react-dom-server.browser.production.min.js' is beyond a symbolic link
fatal: pathspec 'node_modules/react-dom/cjs/react-dom-server-legacy.node.production.min.js' is beyond a symbolic link
fatal: pathspec 'node_modules/react-dom/cjs/react-dom-server-legacy.browser.development.js' is beyond a symbolic link
fatal: pathspec 'node_modules/react-dom/cjs/react-dom-test-utils.development.js' is beyond a symbolic link
fatal: pathspec 'node_modules/vite/types/hmrPayload.d.ts' is beyond a symbolic link
fatal: pathspec 'node_modules/vite/types/hot.d.ts' is beyond a symbolic link
fatal: pathspec 'node_modules/vite/types/metadata.d.ts' is beyond a symbolic link
fatal: pathspec 'node_modules/vite/types/customEvent.d.ts' is beyond a symbolic link
fatal: pathspec 'node_modules/vite/types/importGlob.d.ts' is beyond a symbolic link
fatal: pathspec 'node_modules/vite/types/package.json' is beyond a symbolic link
fatal: pathspec 'node_modules/vite/types/importMeta.d.ts' is beyond a symbolic link
fatal: pathspec 'node_modules/vite/types/import-meta.d.ts' is beyond a symbolic link
fatal: pathspec 'node_modules/vite/bin/openChrome.applescript' is beyond a symbolic link
fatal: pathspec 'node_modules/vite/bin/vite.js' is beyond a symbolic link
fatal: pathspec 'node_modules/nx/bin/init-local.d.ts' is beyond a symbolic link
fatal: pathspec 'node_modules/nx/bin/nx.d.ts' is beyond a symbolic link
fatal: pathspec 'node_modules/nx/bin/nx-cloud.js' is beyond a symbolic link
fatal: pathspec 'node_modules/nx/bin/nx-cloud.d.ts' is beyond a symbolic link
fatal: pathspec 'node_modules/nx/bin/nx.js' is beyond a symbolic link
fatal: pathspec 'node_modules/nx/bin/run-executor.d.ts' is beyond a symbolic link
fatal: pathspec 'node_modules/nx/bin/post-install.d.ts' is beyond a symbolic link
fatal: pathspec 'node_modules/nx/bin/run-executor.js' is beyond a symbolic link
Unhandled exception. System.NullReferenceException: Object reference not set to an instance of an object.
   at NLog.LogFactory.LoggerCache.Retrieve(LoggerCacheKey cacheKey)
   at NLog.LogFactory.GetLoggerThreadSafe(String name, Type loggerType, Func`2 loggerCreator)
   at NLog.LogManager.GetCurrentClassLogger()
   at Microsoft.CST.RecursiveExtractor.ResourceGovernor..ctor(ExtractorOptions opts)
   at Microsoft.CST.RecursiveExtractor.Extractor.Extract(FileEntry fileEntry, ExtractorOptions opts, ResourceGovernor governor, Boolean topLevel)+MoveNext()
   at System.Collections.Generic.List`1.InsertRange(Int32 index, IEnumerable`1 collection)
   at Microsoft.DevSkim.CLI.Commands.AnalyzeCommand.Run() in D:\a\_work\1\s\DevSkim-DotNet\Microsoft.DevSkim.CLI\Commands\AnalyzeCommand.cs:line 107
   at Microsoft.DevSkim.CLI.Program.<>c.<Main>b__0_0(AnalyzeCommandOptions opts) in D:\a\_work\1\s\DevSkim-DotNet\Microsoft.DevSkim.CLI\Program.cs:line 16
   at CommandLine.ParserResultExtensions.MapResult[T1,T2,T3,T4,TResult](ParserResult`1 result, Func`2 parsedFunc1, Func`2 parsedFunc2, Func`2 parsedFunc3, Func`2 parsedFunc4, Func`2 notParsedFunc)
   at Microsoft.DevSkim.CLI.Program.Main(String[] args) in D:\a\_work\1\s\DevSkim-DotNet\Microsoft.DevSkim.CLI\Program.cs:line 14

