Results of kics linter (version 1.7.12)
See documentation on https://megalinter.io/7.9.0/descriptors/repository_kics/
-----------------------------------------------

❌ [ERROR] for workspace /tmp/lint
Linter raw log:

                   .0MO.                                    
                   OMMMx                                    
                   ;NMX;                                    
                    ...           ...              ....     
WMMMd     cWMMM0.  KMMMO      ;xKWMMMMNOc.     ,xXMMMMMWXkc.
WMMMd   .0MMMN:    KMMMO    :XMMMMMMMMMMMWl   xMMMMMWMMMMMMl
WMMMd  lWMMMO.     KMMMO   xMMMMKc...'lXMk   ,MMMMx   .;dXx 
WMMMd.0MMMX;       KMMMO  cMMMMd        '    'MMMMNl'       
WMMMNWMMMMl        KMMMO  0MMMN               oMMMMMMMXkl.  
WMMMMMMMMMMo       KMMMO  0MMMX                .ckKWMMMMMM0.
WMMMMWokMMMMk      KMMMO  oMMMMc              .     .:OMMMM0
WMMMK.  dMMMM0.    KMMMO   KMMMMx'    ,kNc   :WOc.    .NMMMX
WMMMd    cWMMMX.   KMMMO    kMMMMMWXNMMMMMd .WMMMMWKO0NMMMMl
WMMMd     ,NMMMN,  KMMMO     'xNMMMMMMMNx,   .l0WMMMMMMMWk, 
xkkk:      ,kkkkx  okkkl        ;xKXKx;          ;dOKKkc    


Scanning with Keeping Infrastructure as Code Secure v1.7.12



Files scanned: 4
Parsed files: 4
Queries loaded: 4
Queries failed to execute: 0

------------------------------------

Unpinned Actions Full Length Commit SHA, Severity: MEDIUM, Results: 5
Description: Pinning an action to a full length commit SHA is currently the only way to use an action as an immutable release. Pinning to a particular SHA helps mitigate the risk of a bad actor adding a backdoor to the action's repository, as they would need to generate a SHA-1 collision for a valid Git object payload. When selecting a SHA, you should verify it is from the action's repository and not a repository fork.
Platform: CICD
Learn more about this vulnerability: https://docs.kics.io/latest/queries/cicd-queries/555ab8f9-2001-455e-a077-f2d0f41e2fb9

	[1]: .github/workflows/ci.yml:28

		027:       - name: Setup pnpm
		028:         uses: pnpm/action-setup@v3
		029:         with:


	[2]: .github/workflows/mega-linter.yml:36

		035:       - name: Docker Cache
		036:         uses: ScribeMD/docker-cache@0.3.7
		037:         with:


	[3]: .github/workflows/mega-linter.yml:43

		042:         # https://megalinter.io/flavors
		043:         uses: oxsecurity/megalinter@v7.9.0
		044:         env:


	[4]: .github/workflows/mega-linter.yml:61

		060:         if: steps.ml.outputs.has_updated_sources == 1 && (env.APPLY_FIXES_EVENT == 'all' || env.APPLY_FIXES_EVENT == github.event_name) && env.APPLY_FIXES_MODE == 'pull_request' && (github.event_name == 'push' || github.event.pull_request.head.repo.full_n
		061:         uses: peter-evans/create-pull-request@v6.0.0
		062:         with:


	[5]: .github/workflows/mega-linter.yml:72

		071:         if: steps.ml.outputs.has_updated_sources == 1 && (env.APPLY_FIXES_EVENT == 'all' || env.APPLY_FIXES_EVENT == github.event_name) && env.APPLY_FIXES_MODE == 'commit' && github.ref != 'refs/heads/main' && (github.event_name == 'push' || github.event.
		072:         uses: stefanzweifel/git-auto-commit-action@v5.0.0
		073:         with:



Results Summary:
HIGH: 0
MEDIUM: 5
LOW: 0
INFO: 0
TOTAL: 5

Scan duration: 15m23.929974796s

