Results of git_diff linter (version 2.43.0)
See documentation on https://megalinter.io/7.9.0/descriptors/repository_git_diff/
-----------------------------------------------

❌ [ERROR] for workspace /tmp/lint
Linter raw log:
warning: in the working copy of '.github/workflows/mega-linter.yml', LF will be replaced by CRLF the next time Git touches it
warning: in the working copy of '.vscode/symbols.json', LF will be replaced by CRLF the next time Git touches it
warning: in the working copy of 'apps/api/README.md', LF will be replaced by CRLF the next time Git touches it
warning: in the working copy of 'apps/api/src/app.controller.ts', LF will be replaced by CRLF the next time Git touches it
warning: in the working copy of 'apps/api/src/app.service.ts', LF will be replaced by CRLF the next time Git touches it
warning: in the working copy of 'apps/api/src/main.ts', LF will be replaced by CRLF the next time Git touches it
warning: in the working copy of 'apps/client/.eslintrc.json', LF will be replaced by CRLF the next time Git touches it
warning: in the working copy of 'apps/client/package.json', LF will be replaced by CRLF the next time Git touches it
warning: in the working copy of 'apps/client/src/instrumentation.ts', LF will be replaced by CRLF the next time Git touches it
warning: in the working copy of 'megalinter-reports/.cspell.json', LF will be replaced by CRLF the next time Git touches it
warning: in the working copy of 'megalinter-reports/IDE-config.txt', LF will be replaced by CRLF the next time Git touches it
warning: in the working copy of 'megalinter-reports/IDE-config/.vscode/extensions.json', LF will be replaced by CRLF the next time Git touches it
warning: in the working copy of 'megalinter-reports/copy-paste/html/index.html', LF will be replaced by CRLF the next time Git touches it
warning: in the working copy of 'megalinter-reports/copy-paste/html/js/prism.js', LF will be replaced by CRLF the next time Git touches it
warning: in the working copy of 'megalinter-reports/copy-paste/html/jscpd-report.json', LF will be replaced by CRLF the next time Git touches it
warning: in the working copy of 'megalinter-reports/copy-paste/html/styles/prism.css', LF will be replaced by CRLF the next time Git touches it
warning: in the working copy of 'megalinter-reports/linters_logs/ERROR-COPYPASTE_JSCPD.log', LF will be replaced by CRLF the next time Git touches it
warning: in the working copy of 'megalinter-reports/linters_logs/ERROR-JAVASCRIPT_STANDARD.log', LF will be replaced by CRLF the next time Git touches it
warning: in the working copy of 'megalinter-reports/linters_logs/ERROR-JSON_JSONLINT.log', LF will be replaced by CRLF the next time Git touches it
warning: in the working copy of 'megalinter-reports/linters_logs/ERROR-MARKDOWN_MARKDOWN_LINK_CHECK.log', LF will be replaced by CRLF the next time Git touches it
warning: in the working copy of 'megalinter-reports/linters_logs/ERROR-REPOSITORY_CHECKOV.log', LF will be replaced by CRLF the next time Git touches it
warning: in the working copy of 'megalinter-reports/linters_logs/ERROR-REPOSITORY_DEVSKIM.log', LF will be replaced by CRLF the next time Git touches it
warning: in the working copy of 'megalinter-reports/linters_logs/ERROR-REPOSITORY_GITLEAKS.log', LF will be replaced by CRLF the next time Git touches it
warning: in the working copy of 'megalinter-reports/linters_logs/ERROR-REPOSITORY_TRIVY.log', LF will be replaced by CRLF the next time Git touches it
warning: in the working copy of 'megalinter-reports/linters_logs/ERROR-SPELL_LYCHEE.log', LF will be replaced by CRLF the next time Git touches it
warning: in the working copy of 'megalinter-reports/linters_logs/ERROR-TYPESCRIPT_STANDARD.log', LF will be replaced by CRLF the next time Git touches it
warning: in the working copy of 'megalinter-reports/linters_logs/ERROR-YAML_YAMLLINT.log', LF will be replaced by CRLF the next time Git touches it
warning: in the working copy of 'megalinter-reports/linters_logs/SUCCESS-ACTION_ACTIONLINT.log', LF will be replaced by CRLF the next time Git touches it
warning: in the working copy of 'megalinter-reports/linters_logs/SUCCESS-JSON_NPM_PACKAGE_JSON_LINT.log', LF will be replaced by CRLF the next time Git touches it
warning: in the working copy of 'megalinter-reports/linters_logs/SUCCESS-JSON_V8R.log', LF will be replaced by CRLF the next time Git touches it
warning: in the working copy of 'megalinter-reports/linters_logs/SUCCESS-REPOSITORY_DUSTILOCK.log', LF will be replaced by CRLF the next time Git touches it
warning: in the working copy of 'megalinter-reports/linters_logs/SUCCESS-REPOSITORY_TRUFFLEHOG.log', LF will be replaced by CRLF the next time Git touches it
warning: in the working copy of 'megalinter-reports/linters_logs/WARNING-JSON_PRETTIER.log', LF will be replaced by CRLF the next time Git touches it
warning: in the working copy of 'megalinter-reports/linters_logs/WARNING-MARKDOWN_MARKDOWNLINT.log', LF will be replaced by CRLF the next time Git touches it
warning: in the working copy of 'megalinter-reports/updated_sources/megalinter-reports/.cspell.json', LF will be replaced by CRLF the next time Git touches it
warning: in the working copy of 'megalinter-reports/updated_sources/megalinter-reports/IDE-config/.vscode/extensions.json', LF will be replaced by CRLF the next time Git touches it
warning: in the working copy of 'megalinter-reports/updated_sources/megalinter-reports/copy-paste/html/index.html', LF will be replaced by CRLF the next time Git touches it
warning: in the working copy of 'megalinter-reports/updated_sources/megalinter-reports/copy-paste/html/jscpd-report.json', LF will be replaced by CRLF the next time Git touches it
warning: in the working copy of 'megalinter-reports/updated_sources/megalinter-reports/linters_logs/ERROR-COPYPASTE_JSCPD.log', LF will be replaced by CRLF the next time Git touches it
warning: in the working copy of 'megalinter-reports/updated_sources/megalinter-reports/linters_logs/ERROR-JAVASCRIPT_STANDARD.log', LF will be replaced by CRLF the next time Git touches it
warning: in the working copy of 'megalinter-reports/updated_sources/megalinter-reports/linters_logs/ERROR-MARKDOWN_MARKDOWN_LINK_CHECK.log', LF will be replaced by CRLF the next time Git touches it
warning: in the working copy of 'megalinter-reports/updated_sources/megalinter-reports/linters_logs/ERROR-REPOSITORY_CHECKOV.log', LF will be replaced by CRLF the next time Git touches it
warning: in the working copy of 'megalinter-reports/updated_sources/megalinter-reports/linters_logs/ERROR-REPOSITORY_DEVSKIM.log', LF will be replaced by CRLF the next time Git touches it
warning: in the working copy of 'megalinter-reports/updated_sources/megalinter-reports/linters_logs/ERROR-REPOSITORY_GITLEAKS.log', LF will be replaced by CRLF the next time Git touches it
warning: in the working copy of 'megalinter-reports/updated_sources/megalinter-reports/linters_logs/ERROR-REPOSITORY_TRIVY.log', LF will be replaced by CRLF the next time Git touches it
warning: in the working copy of 'megalinter-reports/updated_sources/megalinter-reports/linters_logs/ERROR-SPELL_LYCHEE.log', LF will be replaced by CRLF the next time Git touches it
warning: in the working copy of 'megalinter-reports/updated_sources/megalinter-reports/linters_logs/ERROR-TYPESCRIPT_STANDARD.log', LF will be replaced by CRLF the next time Git touches it
warning: in the working copy of 'megalinter-reports/updated_sources/megalinter-reports/linters_logs/ERROR-YAML_YAMLLINT.log', LF will be replaced by CRLF the next time Git touches it
warning: in the working copy of 'megalinter-reports/updated_sources/megalinter-reports/linters_logs/WARNING-MARKDOWN_MARKDOWNLINT.log', LF will be replaced by CRLF the next time Git touches it
warning: in the working copy of 'megalinter-reports/updated_sources/pnpm-lock.yaml', LF will be replaced by CRLF the next time Git touches it
warning: in the working copy of 'pnpm-lock.yaml', LF will be replaced by CRLF the next time Git touches it
warning: in the working copy of 'stylelintrc.json', LF will be replaced by CRLF the next time Git touches it
warning: in the working copy of 'techstack.yml', LF will be replaced by CRLF the next time Git touches it
warning: in the working copy of 'tmp/appmap/jest/AppController/root/should_return_"Hello_World!"/canonical.classDependencies.json', LF will be replaced by CRLF the next time Git touches it
warning: in the working copy of 'tmp/appmap/jest/AppController/root/should_return_"Hello_World!"/canonical.exceptions.json', LF will be replaced by CRLF the next time Git touches it
warning: in the working copy of 'tmp/appmap/jest/AppController/root/should_return_"Hello_World!"/canonical.httpClientRequests.json', LF will be replaced by CRLF the next time Git touches it
warning: in the working copy of 'tmp/appmap/jest/AppController/root/should_return_"Hello_World!"/canonical.httpServerRequests.json', LF will be replaced by CRLF the next time Git touches it
warning: in the working copy of 'tmp/appmap/jest/AppController/root/should_return_"Hello_World!"/canonical.labels.json', LF will be replaced by CRLF the next time Git touches it
warning: in the working copy of 'tmp/appmap/jest/AppController/root/should_return_"Hello_World!"/canonical.packageDependencies.json', LF will be replaced by CRLF the next time Git touches it
warning: in the working copy of 'tmp/appmap/jest/AppController/root/should_return_"Hello_World!"/canonical.packages.json', LF will be replaced by CRLF the next time Git touches it
warning: in the working copy of 'tmp/appmap/jest/AppController/root/should_return_"Hello_World!"/canonical.parameters.json', LF will be replaced by CRLF the next time Git touches it
warning: in the working copy of 'tmp/appmap/jest/AppController/root/should_return_"Hello_World!"/canonical.sqlNormalized.json', LF will be replaced by CRLF the next time Git touches it
warning: in the working copy of 'tmp/appmap/jest/AppController/root/should_return_"Hello_World!"/canonical.sqlTables.json', LF will be replaced by CRLF the next time Git touches it
warning: in the working copy of 'tmp/appmap/jest/AppController/root/should_return_"Hello_World!"/classMap.json', LF will be replaced by CRLF the next time Git touches it
warning: in the working copy of 'tmp/appmap/jest/AppController/root/should_return_"Hello_World!"/metadata.json', LF will be replaced by CRLF the next time Git touches it
megalinter-reports/copy-paste/html/index.html:53: trailing whitespace.
+        
megalinter-reports/copy-paste/html/index.html:54: trailing whitespace.
+            
megalinter-reports/copy-paste/html/index.html:69: trailing whitespace.
+    
megalinter-reports/copy-paste/html/index.html:76: trailing whitespace.
+        
megalinter-reports/copy-paste/html/index.html:77: trailing whitespace.
+            
megalinter-reports/copy-paste/html/index.html:82: trailing whitespace.
+        
megalinter-reports/copy-paste/html/index.html:83: trailing whitespace.
+            
megalinter-reports/copy-paste/html/index.html:155: trailing whitespace.
+    
megalinter-reports/copy-paste/html/index.html:161: trailing whitespace.
+        
megalinter-reports/copy-paste/html/index.html:162: trailing whitespace.
+            
megalinter-reports/copy-paste/html/index.html:194: trailing whitespace.
+            
megalinter-reports/copy-paste/html/index.html:200: trailing whitespace.
+        
megalinter-reports/copy-paste/html/index.html:201: trailing whitespace.
+            
megalinter-reports/copy-paste/html/index.html:207: trailing whitespace.
+        
megalinter-reports/copy-paste/html/index.html:208: trailing whitespace.
+            
megalinter-reports/copy-paste/html/index.html:214: trailing whitespace.
+        
megalinter-reports/copy-paste/html/index.html:215: trailing whitespace.
+            
megalinter-reports/copy-paste/html/index.html:221: trailing whitespace.
+        
megalinter-reports/copy-paste/html/index.html:222: trailing whitespace.
+            
megalinter-reports/copy-paste/html/index.html:269: trailing whitespace.
+    
megalinter-reports/copy-paste/html/index.html:275: trailing whitespace.
+            
megalinter-reports/copy-paste/html/index.html:281: trailing whitespace.
+        
megalinter-reports/copy-paste/html/index.html:282: trailing whitespace.
+            
megalinter-reports/copy-paste/html/index.html:288: trailing whitespace.
+        
megalinter-reports/copy-paste/html/index.html:289: trailing whitespace.
+            
megalinter-reports/copy-paste/html/index.html:295: trailing whitespace.
+        
megalinter-reports/copy-paste/html/index.html:296: trailing whitespace.
+            
megalinter-reports/copy-paste/html/index.html:302: trailing whitespace.
+        
megalinter-reports/copy-paste/html/index.html:303: trailing whitespace.
+            
megalinter-reports/copy-paste/html/index.html:368: trailing whitespace.
+            
megalinter-reports/copy-paste/html/index.html:374: trailing whitespace.
+        
megalinter-reports/copy-paste/html/index.html:375: trailing whitespace.
+            
megalinter-reports/copy-paste/html/index.html:381: trailing whitespace.
+        
megalinter-reports/copy-paste/html/index.html:382: trailing whitespace.
+            
megalinter-reports/copy-paste/html/index.html:388: trailing whitespace.
+        
megalinter-reports/copy-paste/html/index.html:389: trailing whitespace.
+            
megalinter-reports/copy-paste/html/index.html:395: trailing whitespace.
+        
megalinter-reports/copy-paste/html/index.html:396: trailing whitespace.
+            
megalinter-reports/copy-paste/html/index.html:468: trailing whitespace.
+    
megalinter-reports/copy-paste/html/index.html:474: trailing whitespace.
+            
megalinter-reports/copy-paste/html/index.html:480: trailing whitespace.
+        
megalinter-reports/copy-paste/html/index.html:481: trailing whitespace.
+            
megalinter-reports/copy-paste/html/index.html:487: trailing whitespace.
+        
megalinter-reports/copy-paste/html/index.html:488: trailing whitespace.
+            
megalinter-reports/copy-paste/html/index.html:494: trailing whitespace.
+        
megalinter-reports/copy-paste/html/index.html:495: trailing whitespace.
+            
megalinter-reports/copy-paste/html/index.html:501: trailing whitespace.
+        
megalinter-reports/copy-paste/html/index.html:502: trailing whitespace.
+            
megalinter-reports/copy-paste/html/index.html:662: trailing whitespace.
+    
megalinter-reports/copy-paste/html/index.html:668: trailing whitespace.
+            
megalinter-reports/copy-paste/html/index.html:674: trailing whitespace.
+        
megalinter-reports/copy-paste/html/index.html:675: trailing whitespace.
+            
megalinter-reports/copy-paste/html/index.html:681: trailing whitespace.
+        
megalinter-reports/copy-paste/html/index.html:682: trailing whitespace.
+            
megalinter-reports/copy-paste/html/index.html:688: trailing whitespace.
+        
megalinter-reports/copy-paste/html/index.html:689: trailing whitespace.
+            
megalinter-reports/copy-paste/html/index.html:695: trailing whitespace.
+        
megalinter-reports/copy-paste/html/index.html:696: trailing whitespace.
+            
megalinter-reports/copy-paste/html/index.html:760: trailing whitespace.
+    
megalinter-reports/copy-paste/html/index.html:766: trailing whitespace.
+            
megalinter-reports/copy-paste/html/index.html:772: trailing whitespace.
+        
megalinter-reports/copy-paste/html/index.html:773: trailing whitespace.
+            
megalinter-reports/copy-paste/html/index.html:779: trailing whitespace.
+        
megalinter-reports/copy-paste/html/index.html:780: trailing whitespace.
+            
megalinter-reports/copy-paste/html/index.html:786: trailing whitespace.
+        
megalinter-reports/copy-paste/html/index.html:787: trailing whitespace.
+            
megalinter-reports/copy-paste/html/index.html:793: trailing whitespace.
+        
megalinter-reports/copy-paste/html/index.html:794: trailing whitespace.
+            
megalinter-reports/copy-paste/html/index.html:867: trailing whitespace.
+    
megalinter-reports/copy-paste/html/index.html:873: trailing whitespace.
+            
megalinter-reports/copy-paste/html/index.html:879: trailing whitespace.
+        
megalinter-reports/copy-paste/html/index.html:880: trailing whitespace.
+            
megalinter-reports/copy-paste/html/index.html:886: trailing whitespace.
+        
megalinter-reports/copy-paste/html/index.html:887: trailing whitespace.
+            
megalinter-reports/copy-paste/html/index.html:894: trailing whitespace.
+        
megalinter-reports/copy-paste/html/index.html:895: trailing whitespace.
+            
megalinter-reports/copy-paste/html/index.html:900: trailing whitespace.
+        
megalinter-reports/copy-paste/html/index.html:901: trailing whitespace.
+            
megalinter-reports/copy-paste/html/index.html:907: trailing whitespace.
+        
megalinter-reports/copy-paste/html/index.html:908: trailing whitespace.
+            
megalinter-reports/copy-paste/html/index.html:1006: trailing whitespace.
+            
megalinter-reports/copy-paste/html/index.html:1012: trailing whitespace.
+        
megalinter-reports/copy-paste/html/index.html:1013: trailing whitespace.
+            
megalinter-reports/copy-paste/html/index.html:1017: trailing whitespace.
+        
megalinter-reports/copy-paste/html/index.html:1018: trailing whitespace.
+            
megalinter-reports/copy-paste/html/index.html:1024: trailing whitespace.
+        
megalinter-reports/copy-paste/html/index.html:1025: trailing whitespace.
+            
megalinter-reports/copy-paste/html/index.html:1031: trailing whitespace.
+        
megalinter-reports/copy-paste/html/index.html:1032: trailing whitespace.
+            
megalinter-reports/copy-paste/html/index.html:1038: trailing whitespace.
+        
megalinter-reports/copy-paste/html/index.html:1039: trailing whitespace.
+            
megalinter-reports/copy-paste/html/index.html:1178: trailing whitespace.
+    
megalinter-reports/copy-paste/html/index.html:1184: trailing whitespace.
+        
megalinter-reports/copy-paste/html/index.html:1185: trailing whitespace.
+            
megalinter-reports/copy-paste/html/index.html:1274: trailing whitespace.
+    
megalinter-reports/copy-paste/html/index.html:1280: trailing whitespace.
+        
megalinter-reports/copy-paste/html/index.html:1281: trailing whitespace.
+            
megalinter-reports/copy-paste/html/index.html:1287: trailing whitespace.
+        
megalinter-reports/copy-paste/html/index.html:1288: trailing whitespace.
+            
megalinter-reports/copy-paste/html/index.html:1346: trailing whitespace.
+    
megalinter-reports/copy-paste/html/index.html:1352: trailing whitespace.
+            
megalinter-reports/copy-paste/html/index.html:1358: trailing whitespace.
+        
megalinter-reports/copy-paste/html/index.html:1359: trailing whitespace.
+            
megalinter-reports/copy-paste/html/index.html:1365: trailing whitespace.
+        
megalinter-reports/copy-paste/html/index.html:1366: trailing whitespace.
+            
megalinter-reports/copy-paste/html/index.html:1372: trailing whitespace.
+        
megalinter-reports/copy-paste/html/index.html:1373: trailing whitespace.
+            
megalinter-reports/copy-paste/html/index.html:1379: trailing whitespace.
+        
megalinter-reports/copy-paste/html/index.html:1380: trailing whitespace.
+            
megalinter-reports/copy-paste/html/index.html:1454: trailing whitespace.
+    
megalinter-reports/copy-paste/html/index.html:1460: trailing whitespace.
+        
megalinter-reports/copy-paste/html/index.html:1461: trailing whitespace.
+            
megalinter-reports/copy-paste/html/index.html:1467: trailing whitespace.
+        
megalinter-reports/copy-paste/html/index.html:1468: trailing whitespace.
+            
megalinter-reports/copy-paste/html/index.html:1545: trailing whitespace.
+    
megalinter-reports/copy-paste/html/index.html:1551: trailing whitespace.
+            
megalinter-reports/copy-paste/html/index.html:1555: trailing whitespace.
+        
megalinter-reports/copy-paste/html/index.html:1556: trailing whitespace.
+            
megalinter-reports/linters_logs/ERROR-REPOSITORY_GIT_DIFF.log:49: trailing whitespace.
++        
megalinter-reports/linters_logs/ERROR-REPOSITORY_GIT_DIFF.log:51: trailing whitespace.
++            
megalinter-reports/linters_logs/ERROR-REPOSITORY_GIT_DIFF.log:53: trailing whitespace.
++    
megalinter-reports/linters_logs/ERROR-REPOSITORY_GIT_DIFF.log:55: trailing whitespace.
++        
megalinter-reports/linters_logs/ERROR-REPOSITORY_GIT_DIFF.log:57: trailing whitespace.
++            
megalinter-reports/linters_logs/ERROR-REPOSITORY_GIT_DIFF.log:59: trailing whitespace.
++        
megalinter-reports/linters_logs/ERROR-REPOSITORY_GIT_DIFF.log:61: trailing whitespace.
++            
megalinter-reports/linters_logs/ERROR-REPOSITORY_GIT_DIFF.log:63: trailing whitespace.
++    
megalinter-reports/linters_logs/ERROR-REPOSITORY_GIT_DIFF.log:65: trailing whitespace.
++        
megalinter-reports/linters_logs/ERROR-REPOSITORY_GIT_DIFF.log:67: trailing whitespace.
++            
megalinter-reports/linters_logs/ERROR-REPOSITORY_GIT_DIFF.log:69: trailing whitespace.
++            
megalinter-reports/linters_logs/ERROR-REPOSITORY_GIT_DIFF.log:71: trailing whitespace.
++        
megalinter-reports/linters_logs/ERROR-REPOSITORY_GIT_DIFF.log:73: trailing whitespace.
++            
megalinter-reports/linters_logs/ERROR-REPOSITORY_GIT_DIFF.log:75: trailing whitespace.
++        
megalinter-reports/linters_logs/ERROR-REPOSITORY_GIT_DIFF.log:77: trailing whitespace.
++            
megalinter-reports/linters_logs/ERROR-REPOSITORY_GIT_DIFF.log:79: trailing whitespace.
++        
megalinter-reports/linters_logs/ERROR-REPOSITORY_GIT_DIFF.log:81: trailing whitespace.
++            
megalinter-reports/linters_logs/ERROR-REPOSITORY_GIT_DIFF.log:83: trailing whitespace.
++        
megalinter-reports/linters_logs/ERROR-REPOSITORY_GIT_DIFF.log:85: trailing whitespace.
++            
megalinter-reports/linters_logs/ERROR-REPOSITORY_GIT_DIFF.log:87: trailing whitespace.
++    
megalinter-reports/linters_logs/ERROR-REPOSITORY_GIT_DIFF.log:89: trailing whitespace.
++            
megalinter-reports/linters_logs/ERROR-REPOSITORY_GIT_DIFF.log:91: trailing whitespace.
++        
megalinter-reports/linters_logs/ERROR-REPOSITORY_GIT_DIFF.log:93: trailing whitespace.
++            
megalinter-reports/linters_logs/ERROR-REPOSITORY_GIT_DIFF.log:95: trailing whitespace.
++        
megalinter-reports/linters_logs/ERROR-REPOSITORY_GIT_DIFF.log:97: trailing whitespace.
++            
megalinter-reports/linters_logs/ERROR-REPOSITORY_GIT_DIFF.log:99: trailing whitespace.
++        
megalinter-reports/linters_logs/ERROR-REPOSITORY_GIT_DIFF.log:101: trailing whitespace.
++            
megalinter-reports/linters_logs/ERROR-REPOSITORY_GIT_DIFF.log:103: trailing whitespace.
++        
megalinter-reports/linters_logs/ERROR-REPOSITORY_GIT_DIFF.log:105: trailing whitespace.
++            
megalinter-reports/linters_logs/ERROR-REPOSITORY_GIT_DIFF.log:107: trailing whitespace.
++            
megalinter-reports/linters_logs/ERROR-REPOSITORY_GIT_DIFF.log:109: trailing whitespace.
++        
megalinter-reports/linters_logs/ERROR-REPOSITORY_GIT_DIFF.log:111: trailing whitespace.
++            
megalinter-reports/linters_logs/ERROR-REPOSITORY_GIT_DIFF.log:113: trailing whitespace.
++        
megalinter-reports/linters_logs/ERROR-REPOSITORY_GIT_DIFF.log:115: trailing whitespace.
++            
megalinter-reports/linters_logs/ERROR-REPOSITORY_GIT_DIFF.log:117: trailing whitespace.
++        
megalinter-reports/linters_logs/ERROR-REPOSITORY_GIT_DIFF.log:119: trailing whitespace.
++            
megalinter-reports/linters_logs/ERROR-REPOSITORY_GIT_DIFF.log:121: trailing whitespace.
++        
megalinter-reports/linters_logs/ERROR-REPOSITORY_GIT_DIFF.log:123: trailing whitespace.
++            
megalinter-reports/linters_logs/ERROR-REPOSITORY_GIT_DIFF.log:125: trailing whitespace.
++    
megalinter-reports/linters_logs/ERROR-REPOSITORY_GIT_DIFF.log:127: trailing whitespace.
++            
megalinter-reports/linters_logs/ERROR-REPOSITORY_GIT_DIFF.log:129: trailing whitespace.
++        
megalinter-reports/linters_logs/ERROR-REPOSITORY_GIT_DIFF.log:131: trailing whitespace.
++            
megalinter-reports/linters_logs/ERROR-REPOSITORY_GIT_DIFF.log:133: trailing whitespace.
++        
megalinter-reports/linters_logs/ERROR-REPOSITORY_GIT_DIFF.log:135: trailing whitespace.
++            
megalinter-reports/linters_logs/ERROR-REPOSITORY_GIT_DIFF.log:137: trailing whitespace.
++        
megalinter-reports/linters_logs/ERROR-REPOSITORY_GIT_DIFF.log:139: trailing whitespace.
++            
megalinter-reports/linters_logs/ERROR-REPOSITORY_GIT_DIFF.log:141: trailing whitespace.
++        
megalinter-reports/linters_logs/ERROR-REPOSITORY_GIT_DIFF.log:143: trailing whitespace.
++            
megalinter-reports/linters_logs/ERROR-REPOSITORY_GIT_DIFF.log:145: trailing whitespace.
++    
megalinter-reports/linters_logs/ERROR-REPOSITORY_GIT_DIFF.log:147: trailing whitespace.
++            
megalinter-reports/linters_logs/ERROR-REPOSITORY_GIT_DIFF.log:149: trailing whitespace.
++        
megalinter-reports/linters_logs/ERROR-REPOSITORY_GIT_DIFF.log:151: trailing whitespace.
++            
megalinter-reports/linters_logs/ERROR-REPOSITORY_GIT_DIFF.log:153: trailing whitespace.
++        
megalinter-reports/linters_logs/ERROR-REPOSITORY_GIT_DIFF.log:155: trailing whitespace.
++            
megalinter-reports/linters_logs/ERROR-REPOSITORY_GIT_DIFF.log:157: trailing whitespace.
++        
megalinter-reports/linters_logs/ERROR-REPOSITORY_GIT_DIFF.log:159: trailing whitespace.
++            
megalinter-reports/linters_logs/ERROR-REPOSITORY_GIT_DIFF.log:161: trailing whitespace.
++        
megalinter-reports/linters_logs/ERROR-REPOSITORY_GIT_DIFF.log:163: trailing whitespace.
++            
megalinter-reports/linters_logs/ERROR-REPOSITORY_GIT_DIFF.log:165: trailing whitespace.
++    
megalinter-reports/linters_logs/ERROR-REPOSITORY_GIT_DIFF.log:167: trailing whitespace.
++            
megalinter-reports/linters_logs/ERROR-REPOSITORY_GIT_DIFF.log:169: trailing whitespace.
++        
megalinter-reports/linters_logs/ERROR-REPOSITORY_GIT_DIFF.log:171: trailing whitespace.
++            
megalinter-reports/linters_logs/ERROR-REPOSITORY_GIT_DIFF.log:173: trailing whitespace.
++        
megalinter-reports/linters_logs/ERROR-REPOSITORY_GIT_DIFF.log:175: trailing whitespace.
++            
megalinter-reports/linters_logs/ERROR-REPOSITORY_GIT_DIFF.log:177: trailing whitespace.
++        
megalinter-reports/linters_logs/ERROR-REPOSITORY_GIT_DIFF.log:179: trailing whitespace.
++            
megalinter-reports/linters_logs/ERROR-REPOSITORY_GIT_DIFF.log:181: trailing whitespace.
++        
megalinter-reports/linters_logs/ERROR-REPOSITORY_GIT_DIFF.log:183: trailing whitespace.
++            
megalinter-reports/linters_logs/ERROR-REPOSITORY_GIT_DIFF.log:185: trailing whitespace.
++    
megalinter-reports/linters_logs/ERROR-REPOSITORY_GIT_DIFF.log:187: trailing whitespace.
++            
megalinter-reports/linters_logs/ERROR-REPOSITORY_GIT_DIFF.log:189: trailing whitespace.
++        
megalinter-reports/linters_logs/ERROR-REPOSITORY_GIT_DIFF.log:191: trailing whitespace.
++            
megalinter-reports/linters_logs/ERROR-REPOSITORY_GIT_DIFF.log:193: trailing whitespace.
++        
megalinter-reports/linters_logs/ERROR-REPOSITORY_GIT_DIFF.log:195: trailing whitespace.
++            
megalinter-reports/linters_logs/ERROR-REPOSITORY_GIT_DIFF.log:197: trailing whitespace.
++        
megalinter-reports/linters_logs/ERROR-REPOSITORY_GIT_DIFF.log:199: trailing whitespace.
++            
megalinter-reports/linters_logs/ERROR-REPOSITORY_GIT_DIFF.log:201: trailing whitespace.
++        
megalinter-reports/linters_logs/ERROR-REPOSITORY_GIT_DIFF.log:203: trailing whitespace.
++            
megalinter-reports/linters_logs/ERROR-REPOSITORY_GIT_DIFF.log:205: trailing whitespace.
++        
megalinter-reports/linters_logs/ERROR-REPOSITORY_GIT_DIFF.log:207: trailing whitespace.
++            
megalinter-reports/linters_logs/ERROR-REPOSITORY_GIT_DIFF.log:209: trailing whitespace.
++            
megalinter-reports/linters_logs/ERROR-REPOSITORY_GIT_DIFF.log:211: trailing whitespace.
++        
megalinter-reports/linters_logs/ERROR-REPOSITORY_GIT_DIFF.log:213: trailing whitespace.
++            
megalinter-reports/linters_logs/ERROR-REPOSITORY_GIT_DIFF.log:215: trailing whitespace.
++        
megalinter-reports/linters_logs/ERROR-REPOSITORY_GIT_DIFF.log:217: trailing whitespace.
++            
megalinter-reports/linters_logs/ERROR-REPOSITORY_GIT_DIFF.log:219: trailing whitespace.
++        
megalinter-reports/linters_logs/ERROR-REPOSITORY_GIT_DIFF.log:221: trailing whitespace.
++            
megalinter-reports/linters_logs/ERROR-REPOSITORY_GIT_DIFF.log:223: trailing whitespace.
++        
megalinter-reports/linters_logs/ERROR-REPOSITORY_GIT_DIFF.log:225: trailing whitespace.
++            
megalinter-reports/linters_logs/ERROR-REPOSITORY_GIT_DIFF.log:227: trailing whitespace.
++        
megalinter-reports/linters_logs/ERROR-REPOSITORY_GIT_DIFF.log:229: trailing whitespace.
++            
megalinter-reports/linters_logs/ERROR-REPOSITORY_GIT_DIFF.log:231: trailing whitespace.
++    
megalinter-reports/linters_logs/ERROR-REPOSITORY_GIT_DIFF.log:233: trailing whitespace.
++        
megalinter-reports/linters_logs/ERROR-REPOSITORY_GIT_DIFF.log:235: trailing whitespace.
++            
megalinter-reports/linters_logs/ERROR-REPOSITORY_GIT_DIFF.log:237: trailing whitespace.
++    
megalinter-reports/linters_logs/ERROR-REPOSITORY_GIT_DIFF.log:239: trailing whitespace.
++        
megalinter-reports/linters_logs/ERROR-REPOSITORY_GIT_DIFF.log:241: trailing whitespace.
++            
megalinter-reports/linters_logs/ERROR-REPOSITORY_GIT_DIFF.log:243: trailing whitespace.
++        
megalinter-reports/linters_logs/ERROR-REPOSITORY_GIT_DIFF.log:245: trailing whitespace.
++            
megalinter-reports/linters_logs/ERROR-REPOSITORY_GIT_DIFF.log:247: trailing whitespace.
++    
megalinter-reports/linters_logs/ERROR-REPOSITORY_GIT_DIFF.log:249: trailing whitespace.
++            
megalinter-reports/linters_logs/ERROR-REPOSITORY_GIT_DIFF.log:251: trailing whitespace.
++        
megalinter-reports/linters_logs/ERROR-REPOSITORY_GIT_DIFF.log:253: trailing whitespace.
++            
megalinter-reports/linters_logs/ERROR-REPOSITORY_GIT_DIFF.log:255: trailing whitespace.
++        
megalinter-reports/linters_logs/ERROR-REPOSITORY_GIT_DIFF.log:257: trailing whitespace.
++            
megalinter-reports/linters_logs/ERROR-REPOSITORY_GIT_DIFF.log:259: trailing whitespace.
++        
megalinter-reports/linters_logs/ERROR-REPOSITORY_GIT_DIFF.log:261: trailing whitespace.
++            
megalinter-reports/linters_logs/ERROR-REPOSITORY_GIT_DIFF.log:263: trailing whitespace.
++        
megalinter-reports/linters_logs/ERROR-REPOSITORY_GIT_DIFF.log:265: trailing whitespace.
++            
megalinter-reports/linters_logs/ERROR-REPOSITORY_GIT_DIFF.log:267: trailing whitespace.
++    
megalinter-reports/linters_logs/ERROR-REPOSITORY_GIT_DIFF.log:269: trailing whitespace.
++        
megalinter-reports/linters_logs/ERROR-REPOSITORY_GIT_DIFF.log:271: trailing whitespace.
++            
megalinter-reports/linters_logs/ERROR-REPOSITORY_GIT_DIFF.log:273: trailing whitespace.
++        
megalinter-reports/linters_logs/ERROR-REPOSITORY_GIT_DIFF.log:275: trailing whitespace.
++            
megalinter-reports/linters_logs/ERROR-REPOSITORY_GIT_DIFF.log:277: trailing whitespace.
++    
megalinter-reports/linters_logs/ERROR-REPOSITORY_GIT_DIFF.log:279: trailing whitespace.
++            
megalinter-reports/linters_logs/ERROR-REPOSITORY_GIT_DIFF.log:281: trailing whitespace.
++        
megalinter-reports/linters_logs/ERROR-REPOSITORY_GIT_DIFF.log:283: trailing whitespace.
++            
megalinter-reports/linters_logs/ERROR-REPOSITORY_GIT_DIFF.log:285: trailing whitespace.
++Linting 0/1 files ┈┈┈┈┈┈┈┈┈┈ 00:00    Linting 1/1 files ━━━━━━━━━━ 00:04                                          Linting 1/1 files ━━━━━━━━━━ 00:04    Linting 1/1 files ━━━━━━━━━━ 00:04    
megalinter-reports/linters_logs/ERROR-REPOSITORY_GIT_DIFF.log:287: trailing whitespace.
++H005 2:0 Html tag should have lang attribute. <html> <head> 
megalinter-reports/linters_logs/ERROR-REPOSITORY_GIT_DIFF.log:289: trailing whitespace.
++H030 2:0 Consider adding a meta description. <html> <head> 
megalinter-reports/linters_logs/ERROR-REPOSITORY_GIT_DIFF.log:291: trailing whitespace.
++H031 2:0 Consider adding meta keywords. <html> <head> 
megalinter-reports/updated_sources/megalinter-reports/copy-paste/html/index.html:53: trailing whitespace.
+        
megalinter-reports/updated_sources/megalinter-reports/copy-paste/html/index.html:54: trailing whitespace.
+            
megalinter-reports/updated_sources/megalinter-reports/copy-paste/html/index.html:69: trailing whitespace.
+    
megalinter-reports/updated_sources/megalinter-reports/copy-paste/html/index.html:76: trailing whitespace.
+        
megalinter-reports/updated_sources/megalinter-reports/copy-paste/html/index.html:77: trailing whitespace.
+            
megalinter-reports/updated_sources/megalinter-reports/copy-paste/html/index.html:82: trailing whitespace.
+        
megalinter-reports/updated_sources/megalinter-reports/copy-paste/html/index.html:83: trailing whitespace.
+            
megalinter-reports/updated_sources/megalinter-reports/copy-paste/html/index.html:155: trailing whitespace.
+    
megalinter-reports/updated_sources/megalinter-reports/copy-paste/html/index.html:161: trailing whitespace.
+        
megalinter-reports/updated_sources/megalinter-reports/copy-paste/html/index.html:162: trailing whitespace.
+            
megalinter-reports/updated_sources/megalinter-reports/copy-paste/html/index.html:194: trailing whitespace.
+            
megalinter-reports/updated_sources/megalinter-reports/copy-paste/html/index.html:200: trailing whitespace.
+        
megalinter-reports/updated_sources/megalinter-reports/copy-paste/html/index.html:201: trailing whitespace.
+            
megalinter-reports/updated_sources/megalinter-reports/copy-paste/html/index.html:207: trailing whitespace.
+        
megalinter-reports/updated_sources/megalinter-reports/copy-paste/html/index.html:208: trailing whitespace.
+            
megalinter-reports/updated_sources/megalinter-reports/copy-paste/html/index.html:214: trailing whitespace.
+        
megalinter-reports/updated_sources/megalinter-reports/copy-paste/html/index.html:215: trailing whitespace.
+            
megalinter-reports/updated_sources/megalinter-reports/copy-paste/html/index.html:221: trailing whitespace.
+        
megalinter-reports/updated_sources/megalinter-reports/copy-paste/html/index.html:222: trailing whitespace.
+            
megalinter-reports/updated_sources/megalinter-reports/copy-paste/html/index.html:269: trailing whitespace.
+    
megalinter-reports/updated_sources/megalinter-reports/copy-paste/html/index.html:275: trailing whitespace.
+            
megalinter-reports/updated_sources/megalinter-reports/copy-paste/html/index.html:281: trailing whitespace.
+        
megalinter-reports/updated_sources/megalinter-reports/copy-paste/html/index.html:282: trailing whitespace.
+            
megalinter-reports/updated_sources/megalinter-reports/copy-paste/html/index.html:288: trailing whitespace.
+        
megalinter-reports/updated_sources/megalinter-reports/copy-paste/html/index.html:289: trailing whitespace.
+            
megalinter-reports/updated_sources/megalinter-reports/copy-paste/html/index.html:295: trailing whitespace.
+        
megalinter-reports/updated_sources/megalinter-reports/copy-paste/html/index.html:296: trailing whitespace.
+            
megalinter-reports/updated_sources/megalinter-reports/copy-paste/html/index.html:302: trailing whitespace.
+        
megalinter-reports/updated_sources/megalinter-reports/copy-paste/html/index.html:303: trailing whitespace.
+            
megalinter-reports/updated_sources/megalinter-reports/copy-paste/html/index.html:368: trailing whitespace.
+            
megalinter-reports/updated_sources/megalinter-reports/copy-paste/html/index.html:374: trailing whitespace.
+        
megalinter-reports/updated_sources/megalinter-reports/copy-paste/html/index.html:375: trailing whitespace.
+            
megalinter-reports/updated_sources/megalinter-reports/copy-paste/html/index.html:381: trailing whitespace.
+        
megalinter-reports/updated_sources/megalinter-reports/copy-paste/html/index.html:382: trailing whitespace.
+            
megalinter-reports/updated_sources/megalinter-reports/copy-paste/html/index.html:388: trailing whitespace.
+        
megalinter-reports/updated_sources/megalinter-reports/copy-paste/html/index.html:389: trailing whitespace.
+            
megalinter-reports/updated_sources/megalinter-reports/copy-paste/html/index.html:395: trailing whitespace.
+        
megalinter-reports/updated_sources/megalinter-reports/copy-paste/html/index.html:396: trailing whitespace.
+            
megalinter-reports/updated_sources/megalinter-reports/copy-paste/html/index.html:468: trailing whitespace.
+    
megalinter-reports/updated_sources/megalinter-reports/copy-paste/html/index.html:474: trailing whitespace.
+            
megalinter-reports/updated_sources/megalinter-reports/copy-paste/html/index.html:480: trailing whitespace.
+        
megalinter-reports/updated_sources/megalinter-reports/copy-paste/html/index.html:481: trailing whitespace.
+            
megalinter-reports/updated_sources/megalinter-reports/copy-paste/html/index.html:487: trailing whitespace.
+        
megalinter-reports/updated_sources/megalinter-reports/copy-paste/html/index.html:488: trailing whitespace.
+            
megalinter-reports/updated_sources/megalinter-reports/copy-paste/html/index.html:494: trailing whitespace.
+        
megalinter-reports/updated_sources/megalinter-reports/copy-paste/html/index.html:495: trailing whitespace.
+            
megalinter-reports/updated_sources/megalinter-reports/copy-paste/html/index.html:501: trailing whitespace.
+        
megalinter-reports/updated_sources/megalinter-reports/copy-paste/html/index.html:502: trailing whitespace.
+            
megalinter-reports/updated_sources/megalinter-reports/copy-paste/html/index.html:662: trailing whitespace.
+    
megalinter-reports/updated_sources/megalinter-reports/copy-paste/html/index.html:668: trailing whitespace.
+            
megalinter-reports/updated_sources/megalinter-reports/copy-paste/html/index.html:674: trailing whitespace.
+        
megalinter-reports/updated_sources/megalinter-reports/copy-paste/html/index.html:675: trailing whitespace.
+            
megalinter-reports/updated_sources/megalinter-reports/copy-paste/html/index.html:681: trailing whitespace.
+        
megalinter-reports/updated_sources/megalinter-reports/copy-paste/html/index.html:682: trailing whitespace.
+            
megalinter-reports/updated_sources/megalinter-reports/copy-paste/html/index.html:688: trailing whitespace.
+        
megalinter-reports/updated_sources/megalinter-reports/copy-paste/html/index.html:689: trailing whitespace.
+            
megalinter-reports/updated_sources/megalinter-reports/copy-paste/html/index.html:695: trailing whitespace.
+        
megalinter-reports/updated_sources/megalinter-reports/copy-paste/html/index.html:696: trailing whitespace.
+            
megalinter-reports/updated_sources/megalinter-reports/copy-paste/html/index.html:760: trailing whitespace.
+    
megalinter-reports/updated_sources/megalinter-reports/copy-paste/html/index.html:766: trailing whitespace.
+            
megalinter-reports/updated_sources/megalinter-reports/copy-paste/html/index.html:772: trailing whitespace.
+        
megalinter-reports/updated_sources/megalinter-reports/copy-paste/html/index.html:773: trailing whitespace.
+            
megalinter-reports/updated_sources/megalinter-reports/copy-paste/html/index.html:779: trailing whitespace.
+        
megalinter-reports/updated_sources/megalinter-reports/copy-paste/html/index.html:780: trailing whitespace.
+            
megalinter-reports/updated_sources/megalinter-reports/copy-paste/html/index.html:786: trailing whitespace.
+        
megalinter-reports/updated_sources/megalinter-reports/copy-paste/html/index.html:787: trailing whitespace.
+            
megalinter-reports/updated_sources/megalinter-reports/copy-paste/html/index.html:793: trailing whitespace.
+        
megalinter-reports/updated_sources/megalinter-reports/copy-paste/html/index.html:794: trailing whitespace.
+            
megalinter-reports/updated_sources/megalinter-reports/copy-paste/html/index.html:867: trailing whitespace.
+    
megalinter-reports/updated_sources/megalinter-reports/copy-paste/html/index.html:873: trailing whitespace.
+            
megalinter-reports/updated_sources/megalinter-reports/copy-paste/html/index.html:879: trailing whitespace.
+        
megalinter-reports/updated_sources/megalinter-reports/copy-paste/html/index.html:880: trailing whitespace.
+            
megalinter-reports/updated_sources/megalinter-reports/copy-paste/html/index.html:886: trailing whitespace.
+        
megalinter-reports/updated_sources/megalinter-reports/copy-paste/html/index.html:887: trailing whitespace.
+            
megalinter-reports/updated_sources/megalinter-reports/copy-paste/html/index.html:894: trailing whitespace.
+        
megalinter-reports/updated_sources/megalinter-reports/copy-paste/html/index.html:895: trailing whitespace.
+            
megalinter-reports/updated_sources/megalinter-reports/copy-paste/html/index.html:900: trailing whitespace.
+        
megalinter-reports/updated_sources/megalinter-reports/copy-paste/html/index.html:901: trailing whitespace.
+            
megalinter-reports/updated_sources/megalinter-reports/copy-paste/html/index.html:907: trailing whitespace.
+        
megalinter-reports/updated_sources/megalinter-reports/copy-paste/html/index.html:908: trailing whitespace.
+            
megalinter-reports/updated_sources/megalinter-reports/copy-paste/html/index.html:1006: trailing whitespace.
+            
megalinter-reports/updated_sources/megalinter-reports/copy-paste/html/index.html:1012: trailing whitespace.
+        
megalinter-reports/updated_sources/megalinter-reports/copy-paste/html/index.html:1013: trailing whitespace.
+            
megalinter-reports/updated_sources/megalinter-reports/copy-paste/html/index.html:1017: trailing whitespace.
+        
megalinter-reports/updated_sources/megalinter-reports/copy-paste/html/index.html:1018: trailing whitespace.
+            
megalinter-reports/updated_sources/megalinter-reports/copy-paste/html/index.html:1024: trailing whitespace.
+        
megalinter-reports/updated_sources/megalinter-reports/copy-paste/html/index.html:1025: trailing whitespace.
+            
megalinter-reports/updated_sources/megalinter-reports/copy-paste/html/index.html:1031: trailing whitespace.
+        
megalinter-reports/updated_sources/megalinter-reports/copy-paste/html/index.html:1032: trailing whitespace.
+            
megalinter-reports/updated_sources/megalinter-reports/copy-paste/html/index.html:1038: trailing whitespace.
+        
megalinter-reports/updated_sources/megalinter-reports/copy-paste/html/index.html:1039: trailing whitespace.
+            
megalinter-reports/updated_sources/megalinter-reports/copy-paste/html/index.html:1178: trailing whitespace.
+    
megalinter-reports/updated_sources/megalinter-reports/copy-paste/html/index.html:1184: trailing whitespace.
+        
megalinter-reports/updated_sources/megalinter-reports/copy-paste/html/index.html:1185: trailing whitespace.
+            
megalinter-reports/updated_sources/megalinter-reports/copy-paste/html/index.html:1274: trailing whitespace.
+    
megalinter-reports/updated_sources/megalinter-reports/copy-paste/html/index.html:1280: trailing whitespace.
+        
megalinter-reports/updated_sources/megalinter-reports/copy-paste/html/index.html:1281: trailing whitespace.
+            
megalinter-reports/updated_sources/megalinter-reports/copy-paste/html/index.html:1287: trailing whitespace.
+        
megalinter-reports/updated_sources/megalinter-reports/copy-paste/html/index.html:1288: trailing whitespace.
+            
megalinter-reports/updated_sources/megalinter-reports/copy-paste/html/index.html:1346: trailing whitespace.
+    
megalinter-reports/updated_sources/megalinter-reports/copy-paste/html/index.html:1352: trailing whitespace.
+            
megalinter-reports/updated_sources/megalinter-reports/copy-paste/html/index.html:1358: trailing whitespace.
+        
megalinter-reports/updated_sources/megalinter-reports/copy-paste/html/index.html:1359: trailing whitespace.
+            
megalinter-reports/updated_sources/megalinter-reports/copy-paste/html/index.html:1365: trailing whitespace.
+        
megalinter-reports/updated_sources/megalinter-reports/copy-paste/html/index.html:1366: trailing whitespace.
+            
megalinter-reports/updated_sources/megalinter-reports/copy-paste/html/index.html:1372: trailing whitespace.
+        
megalinter-reports/updated_sources/megalinter-reports/copy-paste/html/index.html:1373: trailing whitespace.
+            
megalinter-reports/updated_sources/megalinter-reports/copy-paste/html/index.html:1379: trailing whitespace.
+        
megalinter-reports/updated_sources/megalinter-reports/copy-paste/html/index.html:1380: trailing whitespace.
+            
megalinter-reports/updated_sources/megalinter-reports/copy-paste/html/index.html:1454: trailing whitespace.
+    
megalinter-reports/updated_sources/megalinter-reports/copy-paste/html/index.html:1460: trailing whitespace.
+        
megalinter-reports/updated_sources/megalinter-reports/copy-paste/html/index.html:1461: trailing whitespace.
+            
megalinter-reports/updated_sources/megalinter-reports/copy-paste/html/index.html:1467: trailing whitespace.
+        
megalinter-reports/updated_sources/megalinter-reports/copy-paste/html/index.html:1468: trailing whitespace.
+            
megalinter-reports/updated_sources/megalinter-reports/copy-paste/html/index.html:1545: trailing whitespace.
+    
megalinter-reports/updated_sources/megalinter-reports/copy-paste/html/index.html:1551: trailing whitespace.
+            
megalinter-reports/updated_sources/megalinter-reports/copy-paste/html/index.html:1555: trailing whitespace.
+        
megalinter-reports/updated_sources/megalinter-reports/copy-paste/html/index.html:1556: trailing whitespace.
+            
megalinter-reports/updated_sources/megalinter-reports/linters_logs/ERROR-REPOSITORY_GIT_DIFF.log:49: trailing whitespace.
++        
megalinter-reports/updated_sources/megalinter-reports/linters_logs/ERROR-REPOSITORY_GIT_DIFF.log:51: trailing whitespace.
++            
megalinter-reports/updated_sources/megalinter-reports/linters_logs/ERROR-REPOSITORY_GIT_DIFF.log:59: trailing whitespace.
++        
megalinter-reports/updated_sources/megalinter-reports/linters_logs/ERROR-REPOSITORY_GIT_DIFF.log:61: trailing whitespace.
++            
megalinter-reports/updated_sources/megalinter-reports/linters_logs/ERROR-REPOSITORY_GIT_DIFF.log:63: trailing whitespace.
++    
megalinter-reports/updated_sources/megalinter-reports/linters_logs/ERROR-REPOSITORY_GIT_DIFF.log:65: trailing whitespace.
++        
megalinter-reports/updated_sources/megalinter-reports/linters_logs/ERROR-REPOSITORY_GIT_DIFF.log:67: trailing whitespace.
++            
megalinter-reports/updated_sources/megalinter-reports/linters_logs/ERROR-REPOSITORY_GIT_DIFF.log:69: trailing whitespace.
++            
megalinter-reports/updated_sources/megalinter-reports/linters_logs/ERROR-REPOSITORY_GIT_DIFF.log:77: trailing whitespace.
++            
megalinter-reports/updated_sources/megalinter-reports/linters_logs/ERROR-REPOSITORY_GIT_DIFF.log:79: trailing whitespace.
++        
megalinter-reports/updated_sources/megalinter-reports/linters_logs/ERROR-REPOSITORY_GIT_DIFF.log:81: trailing whitespace.
++            
megalinter-reports/updated_sources/megalinter-reports/linters_logs/ERROR-REPOSITORY_GIT_DIFF.log:83: trailing whitespace.
++        
megalinter-reports/updated_sources/megalinter-reports/linters_logs/ERROR-REPOSITORY_GIT_DIFF.log:89: trailing whitespace.
++            
megalinter-reports/updated_sources/megalinter-reports/linters_logs/ERROR-REPOSITORY_GIT_DIFF.log:91: trailing whitespace.
++        
megalinter-reports/updated_sources/megalinter-reports/linters_logs/ERROR-REPOSITORY_GIT_DIFF.log:93: trailing whitespace.
++            
megalinter-reports/updated_sources/megalinter-reports/linters_logs/ERROR-REPOSITORY_GIT_DIFF.log:95: trailing whitespace.
++        
megalinter-reports/updated_sources/megalinter-reports/linters_logs/ERROR-REPOSITORY_GIT_DIFF.log:97: trailing whitespace.
++            
megalinter-reports/updated_sources/megalinter-reports/linters_logs/ERROR-REPOSITORY_GIT_DIFF.log:99: trailing whitespace.
++        
megalinter-reports/updated_sources/megalinter-reports/linters_logs/ERROR-REPOSITORY_GIT_DIFF.log:101: trailing whitespace.
++            
megalinter-reports/updated_sources/megalinter-reports/linters_logs/ERROR-REPOSITORY_GIT_DIFF.log:107: trailing whitespace.
++            
megalinter-reports/updated_sources/megalinter-reports/linters_logs/ERROR-REPOSITORY_GIT_DIFF.log:109: trailing whitespace.
++        
megalinter-reports/updated_sources/megalinter-reports/linters_logs/ERROR-REPOSITORY_GIT_DIFF.log:111: trailing whitespace.
++            
megalinter-reports/updated_sources/megalinter-reports/linters_logs/ERROR-REPOSITORY_GIT_DIFF.log:121: trailing whitespace.
++        
megalinter-reports/updated_sources/megalinter-reports/linters_logs/ERROR-REPOSITORY_GIT_DIFF.log:123: trailing whitespace.
++            
megalinter-reports/updated_sources/megalinter-reports/linters_logs/ERROR-REPOSITORY_GIT_DIFF.log:127: trailing whitespace.
++            
megalinter-reports/updated_sources/megalinter-reports/linters_logs/ERROR-REPOSITORY_GIT_DIFF.log:129: trailing whitespace.
++        
megalinter-reports/updated_sources/megalinter-reports/linters_logs/ERROR-REPOSITORY_GIT_DIFF.log:143: trailing whitespace.
++            
megalinter-reports/updated_sources/megalinter-reports/linters_logs/ERROR-REPOSITORY_GIT_DIFF.log:145: trailing whitespace.
++    
megalinter-reports/updated_sources/megalinter-reports/linters_logs/ERROR-REPOSITORY_GIT_DIFF.log:157: trailing whitespace.
++        
megalinter-reports/updated_sources/megalinter-reports/linters_logs/ERROR-REPOSITORY_GIT_DIFF.log:159: trailing whitespace.
++            
megalinter-reports/updated_sources/megalinter-reports/linters_logs/ERROR-REPOSITORY_GIT_DIFF.log:161: trailing whitespace.
++        
megalinter-reports/updated_sources/megalinter-reports/linters_logs/ERROR-REPOSITORY_GIT_DIFF.log:163: trailing whitespace.
++            
megalinter-reports/updated_sources/megalinter-reports/linters_logs/ERROR-REPOSITORY_GIT_DIFF.log:183: trailing whitespace.
++            
megalinter-reports/updated_sources/megalinter-reports/linters_logs/ERROR-REPOSITORY_GIT_DIFF.log:185: trailing whitespace.
++    
megalinter-reports/updated_sources/megalinter-reports/linters_logs/ERROR-REPOSITORY_GIT_DIFF.log:187: trailing whitespace.
++            
megalinter-reports/updated_sources/megalinter-reports/linters_logs/ERROR-REPOSITORY_GIT_DIFF.log:189: trailing whitespace.
++        
megalinter-reports/updated_sources/megalinter-reports/linters_logs/ERROR-REPOSITORY_GIT_DIFF.log:191: trailing whitespace.
++            
megalinter-reports/updated_sources/megalinter-reports/linters_logs/ERROR-REPOSITORY_GIT_DIFF.log:193: trailing whitespace.
++        
megalinter-reports/updated_sources/megalinter-reports/linters_logs/ERROR-REPOSITORY_GIT_DIFF.log:195: trailing whitespace.
++            
megalinter-reports/updated_sources/megalinter-reports/linters_logs/ERROR-REPOSITORY_GIT_DIFF.log:197: trailing whitespace.
++        
megalinter-reports/updated_sources/megalinter-reports/linters_logs/ERROR-REPOSITORY_GIT_DIFF.log:199: trailing whitespace.
++            
megalinter-reports/updated_sources/megalinter-reports/linters_logs/ERROR-REPOSITORY_GIT_DIFF.log:201: trailing whitespace.
++        
megalinter-reports/updated_sources/megalinter-reports/linters_logs/ERROR-REPOSITORY_GIT_DIFF.log:203: trailing whitespace.
++            
megalinter-reports/updated_sources/megalinter-reports/linters_logs/ERROR-REPOSITORY_GIT_DIFF.log:205: trailing whitespace.
++        
megalinter-reports/updated_sources/megalinter-reports/linters_logs/ERROR-REPOSITORY_GIT_DIFF.log:207: trailing whitespace.
++            
megalinter-reports/updated_sources/megalinter-reports/linters_logs/ERROR-REPOSITORY_GIT_DIFF.log:209: trailing whitespace.
++            
megalinter-reports/updated_sources/megalinter-reports/linters_logs/ERROR-REPOSITORY_GIT_DIFF.log:211: trailing whitespace.
++        
megalinter-reports/updated_sources/megalinter-reports/linters_logs/ERROR-REPOSITORY_GIT_DIFF.log:213: trailing whitespace.
++            
megalinter-reports/updated_sources/megalinter-reports/linters_logs/ERROR-REPOSITORY_GIT_DIFF.log:215: trailing whitespace.
++        
megalinter-reports/updated_sources/megalinter-reports/linters_logs/ERROR-REPOSITORY_GIT_DIFF.log:217: trailing whitespace.
++            
megalinter-reports/updated_sources/megalinter-reports/linters_logs/ERROR-REPOSITORY_GIT_DIFF.log:219: trailing whitespace.
++        
megalinter-reports/updated_sources/megalinter-reports/linters_logs/ERROR-REPOSITORY_GIT_DIFF.log:221: trailing whitespace.
++            
megalinter-reports/updated_sources/megalinter-reports/linters_logs/ERROR-REPOSITORY_GIT_DIFF.log:223: trailing whitespace.
++        
megalinter-reports/updated_sources/megalinter-reports/linters_logs/ERROR-REPOSITORY_GIT_DIFF.log:225: trailing whitespace.
++            
megalinter-reports/updated_sources/megalinter-reports/linters_logs/ERROR-REPOSITORY_GIT_DIFF.log:227: trailing whitespace.
++        
megalinter-reports/updated_sources/megalinter-reports/linters_logs/ERROR-REPOSITORY_GIT_DIFF.log:229: trailing whitespace.
++            
megalinter-reports/updated_sources/megalinter-reports/linters_logs/ERROR-REPOSITORY_GIT_DIFF.log:231: trailing whitespace.
++    
megalinter-reports/updated_sources/megalinter-reports/linters_logs/ERROR-REPOSITORY_GIT_DIFF.log:233: trailing whitespace.
++        
megalinter-reports/updated_sources/megalinter-reports/linters_logs/ERROR-REPOSITORY_GIT_DIFF.log:235: trailing whitespace.
++            
megalinter-reports/updated_sources/megalinter-reports/linters_logs/ERROR-REPOSITORY_GIT_DIFF.log:237: trailing whitespace.
++    
megalinter-reports/updated_sources/megalinter-reports/linters_logs/ERROR-REPOSITORY_GIT_DIFF.log:239: trailing whitespace.
++        
megalinter-reports/updated_sources/megalinter-reports/linters_logs/ERROR-REPOSITORY_GIT_DIFF.log:241: trailing whitespace.
++            
megalinter-reports/updated_sources/megalinter-reports/linters_logs/ERROR-REPOSITORY_GIT_DIFF.log:243: trailing whitespace.
++        
megalinter-reports/updated_sources/megalinter-reports/linters_logs/ERROR-REPOSITORY_GIT_DIFF.log:245: trailing whitespace.
++            
megalinter-reports/updated_sources/megalinter-reports/linters_logs/ERROR-REPOSITORY_GIT_DIFF.log:247: trailing whitespace.
++    
megalinter-reports/updated_sources/megalinter-reports/linters_logs/ERROR-REPOSITORY_GIT_DIFF.log:249: trailing whitespace.
++            
megalinter-reports/updated_sources/megalinter-reports/linters_logs/ERROR-REPOSITORY_GIT_DIFF.log:251: trailing whitespace.
++        
megalinter-reports/updated_sources/megalinter-reports/linters_logs/ERROR-REPOSITORY_GIT_DIFF.log:253: trailing whitespace.
++            
megalinter-reports/updated_sources/megalinter-reports/linters_logs/ERROR-REPOSITORY_GIT_DIFF.log:255: trailing whitespace.
++        
megalinter-reports/updated_sources/megalinter-reports/linters_logs/ERROR-REPOSITORY_GIT_DIFF.log:257: trailing whitespace.
++            
megalinter-reports/updated_sources/megalinter-reports/linters_logs/ERROR-REPOSITORY_GIT_DIFF.log:259: trailing whitespace.
++        
megalinter-reports/updated_sources/megalinter-reports/linters_logs/ERROR-REPOSITORY_GIT_DIFF.log:261: trailing whitespace.
++            
megalinter-reports/updated_sources/megalinter-reports/linters_logs/ERROR-REPOSITORY_GIT_DIFF.log:263: trailing whitespace.
++        
megalinter-reports/updated_sources/megalinter-reports/linters_logs/ERROR-REPOSITORY_GIT_DIFF.log:265: trailing whitespace.
++            
megalinter-reports/updated_sources/megalinter-reports/linters_logs/ERROR-REPOSITORY_GIT_DIFF.log:267: trailing whitespace.
++    
megalinter-reports/updated_sources/megalinter-reports/linters_logs/ERROR-REPOSITORY_GIT_DIFF.log:269: trailing whitespace.
++        
megalinter-reports/updated_sources/megalinter-reports/linters_logs/ERROR-REPOSITORY_GIT_DIFF.log:271: trailing whitespace.
++            
megalinter-reports/updated_sources/megalinter-reports/linters_logs/ERROR-REPOSITORY_GIT_DIFF.log:273: trailing whitespace.
++        
megalinter-reports/updated_sources/megalinter-reports/linters_logs/ERROR-REPOSITORY_GIT_DIFF.log:275: trailing whitespace.
++            
megalinter-reports/updated_sources/megalinter-reports/linters_logs/ERROR-REPOSITORY_GIT_DIFF.log:277: trailing whitespace.
++    
megalinter-reports/updated_sources/megalinter-reports/linters_logs/ERROR-REPOSITORY_GIT_DIFF.log:279: trailing whitespace.
++            
megalinter-reports/updated_sources/megalinter-reports/linters_logs/ERROR-REPOSITORY_GIT_DIFF.log:281: trailing whitespace.
++        
megalinter-reports/updated_sources/megalinter-reports/linters_logs/ERROR-REPOSITORY_GIT_DIFF.log:285: trailing whitespace.
++Linting 0/1 files ┈┈┈┈┈┈┈┈┈┈ 00:00    Linting 1/1 files ━━━━━━━━━━ 00:04                                          Linting 1/1 files ━━━━━━━━━━ 00:04    Linting 1/1 files ━━━━━━━━━━ 00:04    
megalinter-reports/updated_sources/megalinter-reports/linters_logs/ERROR-REPOSITORY_GIT_DIFF.log:287: trailing whitespace.
++H005 2:0 Html tag should have lang attribute. <html> <head> 
megalinter-reports/updated_sources/megalinter-reports/linters_logs/ERROR-REPOSITORY_GIT_DIFF.log:289: trailing whitespace.
++H030 2:0 Consider adding a meta description. <html> <head> 
megalinter-reports/updated_sources/megalinter-reports/linters_logs/ERROR-REPOSITORY_GIT_DIFF.log:291: trailing whitespace.
++H031 2:0 Consider adding meta keywords. <html> <head> 
megalinter-reports/updated_sources/megalinter-reports/megalinter.log:3263: trailing whitespace.
+Linting 0/1 files ┈┈┈┈┈┈┈┈┈┈ 00:00    Linting 1/1 files ━━━━━━━━━━ 00:04                                          Linting 1/1 files ━━━━━━━━━━ 00:04    Linting 1/1 files ━━━━━━━━━━ 00:04    
megalinter-reports/updated_sources/megalinter-reports/megalinter.log:3268: trailing whitespace.
+H005 2:0 Html tag should have lang attribute. <html> <head> 
megalinter-reports/updated_sources/megalinter-reports/megalinter.log:3269: trailing whitespace.
+H030 2:0 Consider adding a meta description. <html> <head> 
megalinter-reports/updated_sources/megalinter-reports/megalinter.log:3270: trailing whitespace.
+H031 2:0 Consider adding meta keywords. <html> <head> 
megalinter-reports/updated_sources/megalinter-reports/megalinter.log:8557: trailing whitespace.
++        
megalinter-reports/updated_sources/megalinter-reports/megalinter.log:8559: trailing whitespace.
++            
megalinter-reports/updated_sources/megalinter-reports/megalinter.log:8561: trailing whitespace.
++    
megalinter-reports/updated_sources/megalinter-reports/megalinter.log:8563: trailing whitespace.
++        
megalinter-reports/updated_sources/megalinter-reports/megalinter.log:8565: trailing whitespace.
++            
megalinter-reports/updated_sources/megalinter-reports/megalinter.log:8567: trailing whitespace.
++        
megalinter-reports/updated_sources/megalinter-reports/megalinter.log:8569: trailing whitespace.
++            
megalinter-reports/updated_sources/megalinter-reports/megalinter.log:8571: trailing whitespace.
++    
megalinter-reports/updated_sources/megalinter-reports/megalinter.log:8573: trailing whitespace.
++        
megalinter-reports/updated_sources/megalinter-reports/megalinter.log:8575: trailing whitespace.
++            
megalinter-reports/updated_sources/megalinter-reports/megalinter.log:8577: trailing whitespace.
++            
megalinter-reports/updated_sources/megalinter-reports/megalinter.log:8579: trailing whitespace.
++        
megalinter-reports/updated_sources/megalinter-reports/megalinter.log:8581: trailing whitespace.
++            
megalinter-reports/updated_sources/megalinter-reports/megalinter.log:8583: trailing whitespace.
++        
megalinter-reports/updated_sources/megalinter-reports/megalinter.log:8585: trailing whitespace.
++            
megalinter-reports/updated_sources/megalinter-reports/megalinter.log:8587: trailing whitespace.
++        
megalinter-reports/updated_sources/megalinter-reports/megalinter.log:8589: trailing whitespace.
++            
megalinter-reports/updated_sources/megalinter-reports/megalinter.log:8591: trailing whitespace.
++        
megalinter-reports/updated_sources/megalinter-reports/megalinter.log:8593: trailing whitespace.
++            
megalinter-reports/updated_sources/megalinter-reports/megalinter.log:8595: trailing whitespace.
++    
megalinter-reports/updated_sources/megalinter-reports/megalinter.log:8597: trailing whitespace.
++            
megalinter-reports/updated_sources/megalinter-reports/megalinter.log:8599: trailing whitespace.
++        
megalinter-reports/updated_sources/megalinter-reports/megalinter.log:8601: trailing whitespace.
++            
megalinter-reports/updated_sources/megalinter-reports/megalinter.log:8603: trailing whitespace.
++        
megalinter-reports/updated_sources/megalinter-reports/megalinter.log:8605: trailing whitespace.
++            
megalinter-reports/updated_sources/megalinter-reports/megalinter.log:8607: trailing whitespace.
++        
megalinter-reports/updated_sources/megalinter-reports/megalinter.log:8609: trailing whitespace.
++            
megalinter-reports/updated_sources/megalinter-reports/megalinter.log:8611: trailing whitespace.
++        
megalinter-reports/updated_sources/megalinter-reports/megalinter.log:8613: trailing whitespace.
++            
megalinter-reports/updated_sources/megalinter-reports/megalinter.log:8615: trailing whitespace.
++            
megalinter-reports/updated_sources/megalinter-reports/megalinter.log:8617: trailing whitespace.
++        
megalinter-reports/updated_sources/megalinter-reports/megalinter.log:8619: trailing whitespace.
++            
megalinter-reports/updated_sources/megalinter-reports/megalinter.log:8621: trailing whitespace.
++        
megalinter-reports/updated_sources/megalinter-reports/megalinter.log:8623: trailing whitespace.
++            
megalinter-reports/updated_sources/megalinter-reports/megalinter.log:8625: trailing whitespace.
++        
megalinter-reports/updated_sources/megalinter-reports/megalinter.log:8627: trailing whitespace.
++            
megalinter-reports/updated_sources/megalinter-reports/megalinter.log:8629: trailing whitespace.
++        
megalinter-reports/updated_sources/megalinter-reports/megalinter.log:8631: trailing whitespace.
++            
megalinter-reports/updated_sources/megalinter-reports/megalinter.log:8633: trailing whitespace.
++    
megalinter-reports/updated_sources/megalinter-reports/megalinter.log:8635: trailing whitespace.
++            
megalinter-reports/updated_sources/megalinter-reports/megalinter.log:8637: trailing whitespace.
++        
megalinter-reports/updated_sources/megalinter-reports/megalinter.log:8639: trailing whitespace.
++            
megalinter-reports/updated_sources/megalinter-reports/megalinter.log:8641: trailing whitespace.
++        
megalinter-reports/updated_sources/megalinter-reports/megalinter.log:8643: trailing whitespace.
++            
megalinter-reports/updated_sources/megalinter-reports/megalinter.log:8645: trailing whitespace.
++        
megalinter-reports/updated_sources/megalinter-reports/megalinter.log:8647: trailing whitespace.
++            
megalinter-reports/updated_sources/megalinter-reports/megalinter.log:8649: trailing whitespace.
++        
megalinter-reports/updated_sources/megalinter-reports/megalinter.log:8651: trailing whitespace.
++            
megalinter-reports/updated_sources/megalinter-reports/megalinter.log:8653: trailing whitespace.
++    
megalinter-reports/updated_sources/megalinter-reports/megalinter.log:8655: trailing whitespace.
++            
megalinter-reports/updated_sources/megalinter-reports/megalinter.log:8657: trailing whitespace.
++        
megalinter-reports/updated_sources/megalinter-reports/megalinter.log:8659: trailing whitespace.
++            
megalinter-reports/updated_sources/megalinter-reports/megalinter.log:8661: trailing whitespace.
++        
megalinter-reports/updated_sources/megalinter-reports/megalinter.log:8663: trailing whitespace.
++            
megalinter-reports/updated_sources/megalinter-reports/megalinter.log:8665: trailing whitespace.
++        
megalinter-reports/updated_sources/megalinter-reports/megalinter.log:8667: trailing whitespace.
++            
megalinter-reports/updated_sources/megalinter-reports/megalinter.log:8669: trailing whitespace.
++        
megalinter-reports/updated_sources/megalinter-reports/megalinter.log:8671: trailing whitespace.
++            
megalinter-reports/updated_sources/megalinter-reports/megalinter.log:8673: trailing whitespace.
++    
megalinter-reports/updated_sources/megalinter-reports/megalinter.log:8675: trailing whitespace.
++            
megalinter-reports/updated_sources/megalinter-reports/megalinter.log:8677: trailing whitespace.
++        
megalinter-reports/updated_sources/megalinter-reports/megalinter.log:8679: trailing whitespace.
++            
megalinter-reports/updated_sources/megalinter-reports/megalinter.log:8681: trailing whitespace.
++        
megalinter-reports/updated_sources/megalinter-reports/megalinter.log:8683: trailing whitespace.
++            
megalinter-reports/updated_sources/megalinter-reports/megalinter.log:8685: trailing whitespace.
++        
megalinter-reports/updated_sources/megalinter-reports/megalinter.log:8687: trailing whitespace.
++            
megalinter-reports/updated_sources/megalinter-reports/megalinter.log:8689: trailing whitespace.
++        
megalinter-reports/updated_sources/megalinter-reports/megalinter.log:8691: trailing whitespace.
++            
megalinter-reports/updated_sources/megalinter-reports/megalinter.log:8693: trailing whitespace.
++    
megalinter-reports/updated_sources/megalinter-reports/megalinter.log:8695: trailing whitespace.
++            
megalinter-reports/updated_sources/megalinter-reports/megalinter.log:8697: trailing whitespace.
++        
megalinter-reports/updated_sources/megalinter-reports/megalinter.log:8699: trailing whitespace.
++            
megalinter-reports/updated_sources/megalinter-reports/megalinter.log:8701: trailing whitespace.
++        
megalinter-reports/updated_sources/megalinter-reports/megalinter.log:8703: trailing whitespace.
++            
megalinter-reports/updated_sources/megalinter-reports/megalinter.log:8705: trailing whitespace.
++        
megalinter-reports/updated_sources/megalinter-reports/megalinter.log:8707: trailing whitespace.
++            
megalinter-reports/updated_sources/megalinter-reports/megalinter.log:8709: trailing whitespace.
++        
megalinter-reports/updated_sources/megalinter-reports/megalinter.log:8711: trailing whitespace.
++            
megalinter-reports/updated_sources/megalinter-reports/megalinter.log:8713: trailing whitespace.
++        
megalinter-reports/updated_sources/megalinter-reports/megalinter.log:8715: trailing whitespace.
++            
megalinter-reports/updated_sources/megalinter-reports/megalinter.log:8717: trailing whitespace.
++            
megalinter-reports/updated_sources/megalinter-reports/megalinter.log:8719: trailing whitespace.
++        
megalinter-reports/updated_sources/megalinter-reports/megalinter.log:8721: trailing whitespace.
++            
megalinter-reports/updated_sources/megalinter-reports/megalinter.log:8723: trailing whitespace.
++        
megalinter-reports/updated_sources/megalinter-reports/megalinter.log:8725: trailing whitespace.
++            
megalinter-reports/updated_sources/megalinter-reports/megalinter.log:8727: trailing whitespace.
++        
megalinter-reports/updated_sources/megalinter-reports/megalinter.log:8729: trailing whitespace.
++            
megalinter-reports/updated_sources/megalinter-reports/megalinter.log:8731: trailing whitespace.
++        
megalinter-reports/updated_sources/megalinter-reports/megalinter.log:8733: trailing whitespace.
++            
megalinter-reports/updated_sources/megalinter-reports/megalinter.log:8735: trailing whitespace.
++        
megalinter-reports/updated_sources/megalinter-reports/megalinter.log:8737: trailing whitespace.
++            
megalinter-reports/updated_sources/megalinter-reports/megalinter.log:8739: trailing whitespace.
++    
megalinter-reports/updated_sources/megalinter-reports/megalinter.log:8741: trailing whitespace.
++        
megalinter-reports/updated_sources/megalinter-reports/megalinter.log:8743: trailing whitespace.
++            
megalinter-reports/updated_sources/megalinter-reports/megalinter.log:8745: trailing whitespace.
++    
megalinter-reports/updated_sources/megalinter-reports/megalinter.log:8747: trailing whitespace.
++        
megalinter-reports/updated_sources/megalinter-reports/megalinter.log:8749: trailing whitespace.
++            
megalinter-reports/updated_sources/megalinter-reports/megalinter.log:8751: trailing whitespace.
++        
megalinter-reports/updated_sources/megalinter-reports/megalinter.log:8753: trailing whitespace.
++            
megalinter-reports/updated_sources/megalinter-reports/megalinter.log:8755: trailing whitespace.
++    
megalinter-reports/updated_sources/megalinter-reports/megalinter.log:8757: trailing whitespace.
++            
megalinter-reports/updated_sources/megalinter-reports/megalinter.log:8759: trailing whitespace.
++        
megalinter-reports/updated_sources/megalinter-reports/megalinter.log:8761: trailing whitespace.
++            
megalinter-reports/updated_sources/megalinter-reports/megalinter.log:8763: trailing whitespace.
++        
megalinter-reports/updated_sources/megalinter-reports/megalinter.log:8765: trailing whitespace.
++            
megalinter-reports/updated_sources/megalinter-reports/megalinter.log:8767: trailing whitespace.
++        
megalinter-reports/updated_sources/megalinter-reports/megalinter.log:8769: trailing whitespace.
++            
megalinter-reports/updated_sources/megalinter-reports/megalinter.log:8771: trailing whitespace.
++        
megalinter-reports/updated_sources/megalinter-reports/megalinter.log:8773: trailing whitespace.
++            
megalinter-reports/updated_sources/megalinter-reports/megalinter.log:8775: trailing whitespace.
++    
megalinter-reports/updated_sources/megalinter-reports/megalinter.log:8777: trailing whitespace.
++        
megalinter-reports/updated_sources/megalinter-reports/megalinter.log:8779: trailing whitespace.
++            
megalinter-reports/updated_sources/megalinter-reports/megalinter.log:8781: trailing whitespace.
++        
megalinter-reports/updated_sources/megalinter-reports/megalinter.log:8783: trailing whitespace.
++            
megalinter-reports/updated_sources/megalinter-reports/megalinter.log:8785: trailing whitespace.
++    
megalinter-reports/updated_sources/megalinter-reports/megalinter.log:8787: trailing whitespace.
++            
megalinter-reports/updated_sources/megalinter-reports/megalinter.log:8789: trailing whitespace.
++        
megalinter-reports/updated_sources/megalinter-reports/megalinter.log:8791: trailing whitespace.
++            
megalinter-reports/updated_sources/megalinter-reports/megalinter.log:8793: trailing whitespace.
++Linting 0/1 files ┈┈┈┈┈┈┈┈┈┈ 00:00    Linting 1/1 files ━━━━━━━━━━ 00:04                                          Linting 1/1 files ━━━━━━━━━━ 00:04    Linting 1/1 files ━━━━━━━━━━ 00:04    
megalinter-reports/updated_sources/megalinter-reports/megalinter.log:8795: trailing whitespace.
++H005 2:0 Html tag should have lang attribute. <html> <head> 
megalinter-reports/updated_sources/megalinter-reports/megalinter.log:8797: trailing whitespace.
++H030 2:0 Consider adding a meta description. <html> <head> 
megalinter-reports/updated_sources/megalinter-reports/megalinter.log:8799: trailing whitespace.
++H031 2:0 Consider adding meta keywords. <html> <head> 
megalinter-reports/updated_sources/megalinter-reports/megalinter.log:36384: trailing whitespace.
+NAME    INSTALLED  FIXED-IN  TYPE       VULNERABILITY        SEVERITY 
megalinter-reports/updated_sources/megalinter-reports/megalinter.log:36385: trailing whitespace.
+got     9.6.0      11.8.5    npm        GHSA-pfrx-2q88-qq97  Medium    
megalinter-reports/updated_sources/megalinter-reports/megalinter.log:36386: trailing whitespace.
+semver  7.3.4      7.5.2     npm        GHSA-c2qf-rxjj-qqgw  Medium    
megalinter-reports/updated_sources/megalinter-reports/megalinter.log:36387: trailing whitespace.
+stdlib  go1.19               go-module  CVE-2023-29405       Critical  
megalinter-reports/updated_sources/megalinter-reports/megalinter.log:36388: trailing whitespace.
+stdlib  go1.19               go-module  CVE-2023-29404       Critical  
megalinter-reports/updated_sources/megalinter-reports/megalinter.log:36389: trailing whitespace.
+stdlib  go1.19               go-module  CVE-2023-29402       Critical  
megalinter-reports/updated_sources/megalinter-reports/megalinter.log:36390: trailing whitespace.
+stdlib  go1.19               go-module  CVE-2023-24540       Critical  
megalinter-reports/updated_sources/megalinter-reports/megalinter.log:36391: trailing whitespace.
+stdlib  go1.19               go-module  CVE-2023-24538       Critical  
megalinter-reports/updated_sources/megalinter-reports/megalinter.log:36392: trailing whitespace.
+stdlib  go1.19               go-module  CVE-2023-45287       High      
megalinter-reports/updated_sources/megalinter-reports/megalinter.log:36393: trailing whitespace.
+stdlib  go1.19               go-module  CVE-2023-45285       High      
megalinter-reports/updated_sources/megalinter-reports/megalinter.log:36394: trailing whitespace.
+stdlib  go1.19               go-module  CVE-2023-45283       High      
megalinter-reports/updated_sources/megalinter-reports/megalinter.log:36395: trailing whitespace.
+stdlib  go1.19               go-module  CVE-2023-44487       High      
megalinter-reports/updated_sources/megalinter-reports/megalinter.log:36396: trailing whitespace.
+stdlib  go1.19               go-module  CVE-2023-39323       High      
megalinter-reports/updated_sources/megalinter-reports/megalinter.log:36397: trailing whitespace.
+stdlib  go1.19               go-module  CVE-2023-29403       High      
megalinter-reports/updated_sources/megalinter-reports/megalinter.log:36398: trailing whitespace.
+stdlib  go1.19               go-module  CVE-2023-29400       High      
megalinter-reports/updated_sources/megalinter-reports/megalinter.log:36399: trailing whitespace.
+stdlib  go1.19               go-module  CVE-2023-24539       High      
megalinter-reports/updated_sources/megalinter-reports/megalinter.log:36400: trailing whitespace.
+stdlib  go1.19               go-module  CVE-2023-24537       High      
megalinter-reports/updated_sources/megalinter-reports/megalinter.log:36401: trailing whitespace.
+stdlib  go1.19               go-module  CVE-2023-24536       High      
megalinter-reports/updated_sources/megalinter-reports/megalinter.log:36402: trailing whitespace.
+stdlib  go1.19               go-module  CVE-2023-24534       High      
megalinter-reports/updated_sources/megalinter-reports/megalinter.log:36403: trailing whitespace.
+stdlib  go1.19               go-module  CVE-2022-41725       High      
megalinter-reports/updated_sources/megalinter-reports/megalinter.log:36404: trailing whitespace.
+stdlib  go1.19               go-module  CVE-2022-41724       High      
megalinter-reports/updated_sources/megalinter-reports/megalinter.log:36405: trailing whitespace.
+stdlib  go1.19               go-module  CVE-2022-41723       High      
megalinter-reports/updated_sources/megalinter-reports/megalinter.log:36406: trailing whitespace.
+stdlib  go1.19               go-module  CVE-2022-41722       High      
megalinter-reports/updated_sources/megalinter-reports/megalinter.log:36407: trailing whitespace.
+stdlib  go1.19               go-module  CVE-2022-41720       High      
megalinter-reports/updated_sources/megalinter-reports/megalinter.log:36408: trailing whitespace.
+stdlib  go1.19               go-module  CVE-2022-41716       High      
megalinter-reports/updated_sources/megalinter-reports/megalinter.log:36409: trailing whitespace.
+stdlib  go1.19               go-module  CVE-2022-41715       High      
megalinter-reports/updated_sources/megalinter-reports/megalinter.log:36410: trailing whitespace.
+stdlib  go1.19               go-module  CVE-2022-32190       High      
megalinter-reports/updated_sources/megalinter-reports/megalinter.log:36411: trailing whitespace.
+stdlib  go1.19               go-module  CVE-2022-2880        High      
megalinter-reports/updated_sources/megalinter-reports/megalinter.log:36412: trailing whitespace.
+stdlib  go1.19               go-module  CVE-2022-2879        High      
megalinter-reports/updated_sources/megalinter-reports/megalinter.log:36413: trailing whitespace.
+stdlib  go1.19               go-module  CVE-2022-27664       High      
megalinter-reports/updated_sources/megalinter-reports/megalinter.log:36414: trailing whitespace.
+stdlib  go1.19               go-module  CVE-2023-45284       Medium    
megalinter-reports/updated_sources/megalinter-reports/megalinter.log:36415: trailing whitespace.
+stdlib  go1.19               go-module  CVE-2023-39326       Medium    
megalinter-reports/updated_sources/megalinter-reports/megalinter.log:36416: trailing whitespace.
+stdlib  go1.19               go-module  CVE-2023-39319       Medium    
megalinter-reports/updated_sources/megalinter-reports/megalinter.log:36417: trailing whitespace.
+stdlib  go1.19               go-module  CVE-2023-39318       Medium    
megalinter-reports/updated_sources/megalinter-reports/megalinter.log:36418: trailing whitespace.
+stdlib  go1.19               go-module  CVE-2023-29409       Medium    
megalinter-reports/updated_sources/megalinter-reports/megalinter.log:36419: trailing whitespace.
+stdlib  go1.19               go-module  CVE-2023-29406       Medium    
megalinter-reports/updated_sources/megalinter-reports/megalinter.log:36420: trailing whitespace.
+stdlib  go1.19               go-module  CVE-2023-24532       Medium    

