Results of gitleaks linter (version 8.18.2)
See documentation on https://megalinter.io/7.9.0/descriptors/repository_gitleaks/
-----------------------------------------------

❌ [ERROR] for workspace /tmp/lint
Linter raw log:

    ○
    │╲
    │ ○
    ○ ░
    ░    gitleaks

Finding:     "nxCloudAccessToken": "REDACTED"
Secret:      REDACTED
RuleID:      generic-api-key
Entropy:     4.854934
File:        nx.json
Line:        28
Commit:      d64e432c4d45c96e1832c449b7343b38ea24fe3a
Author:      Antonio Reid
Email:       read.musik@gmail.com
Date:        2024-02-20T05:27:24Z
Fingerprint: d64e432c4d45c96e1832c449b7343b38ea24fe3a:nx.json:generic-api-key:28

Finding:     "nxCloudAccessToken": "REDACTED"
Secret:      REDACTED
RuleID:      generic-api-key
Entropy:     4.702819
File:        nx.json
Line:        38
Commit:      32c95065a8d170573184a2689694ceec042fab65
Author:      Antonio Reid
Email:       read.musik@gmail.com
Date:        2024-02-19T03:01:14Z
Fingerprint: 32c95065a8d170573184a2689694ceec042fab65:nx.json:generic-api-key:38

Finding:     .../nestjs/nest/master?token=REDACTED
[circleci-url]: htt...
Secret:      REDACTED
RuleID:      generic-api-key
Entropy:     3.584963
File:        apps/api/README.md
Line:        5
Commit:      f3a28291fba06871da271218a7af3a3ce0896836
Author:      Antonio Reid
Email:       read.musik@gmail.com
Date:        2024-02-19T02:19:42Z
Fingerprint: f3a28291fba06871da271218a7af3a3ce0896836:apps/api/README.md:generic-api-key:5

7:26PM INF 93 commits scanned.
7:26PM INF scan completed in 2m5s
7:26PM WRN leaks found: 3

