Results of kics linter (version 1.7.12)
See documentation on https://megalinter.io/7.9.0/descriptors/repository_kics/
-----------------------------------------------

❌ [ERROR] for workspace /tmp/lint
Linter raw log:

                   .0MO.                                    
                   OMMMx                                    
                   ;NMX;                                    
                    ...           ...              ....     
WMMMd     cWMMM0.  KMMMO      ;xKWMMMMNOc.     ,xXMMMMMWXkc.
WMMMd   .0MMMN:    KMMMO    :XMMMMMMMMMMMWl   xMMMMMWMMMMMMl
WMMMd  lWMMMO.     KMMMO   xMMMMKc...'lXMk   ,MMMMx   .;dXx 
WMMMd.0MMMX;       KMMMO  cMMMMd        '    'MMMMNl'       
WMMMNWMMMMl        KMMMO  0MMMN               oMMMMMMMXkl.  
WMMMMMMMMMMo       KMMMO  0MMMX                .ckKWMMMMMM0.
WMMMMWokMMMMk      KMMMO  oMMMMc              .     .:OMMMM0
WMMMK.  dMMMM0.    KMMMO   KMMMMx'    ,kNc   :WOc.    .NMMMX
WMMMd    cWMMMX.   KMMMO    kMMMMMWXNMMMMMd .WMMMMWKO0NMMMMl
WMMMd     ,NMMMN,  KMMMO     'xNMMMMMMMNx,   .l0WMMMMMMMWk, 
xkkk:      ,kkkkx  okkkl        ;xKXKx;          ;dOKKkc    


Scanning with Keeping Infrastructure as Code Secure v1.7.12



Files scanned: 3
Parsed files: 3
Queries loaded: 4
Queries failed to execute: 0

------------------------------------

Unpinned Actions Full Length Commit SHA, Severity: MEDIUM, Results: 4
Description: Pinning an action to a full length commit SHA is currently the only way to use an action as an immutable release. Pinning to a particular SHA helps mitigate the risk of a bad actor adding a backdoor to the action's repository, as they would need to generate a SHA-1 collision for a valid Git object payload. When selecting a SHA, you should verify it is from the action's repository and not a repository fork.
Platform: CICD
Learn more about this vulnerability: https://docs.kics.io/latest/queries/cicd-queries/555ab8f9-2001-455e-a077-f2d0f41e2fb9

	[1]: .github/workflows/ci.yml:37

		036: 
		037:       - uses: nrwl/nx-set-shas@v4
		038: 


	[2]: .github/workflows/ci.yml:27

		026: 
		027:       - uses: pnpm/action-setup@v3
		028:         with:


	[3]: .github/workflows/mega-linter.yml:36

		035:         id: ml
		036:         uses: oxsecurity/megalinter@v7
		037:         env:


	[4]: .github/workflows/autofix.yml:12

		011:       - uses: actions/checkout@v4
		012:       - uses: pnpm/action-setup@v3
		013:         with:



Results Summary:
HIGH: 0
MEDIUM: 4
LOW: 0
INFO: 0
TOTAL: 4

Scan duration: 12m43.530269888s

